\BOOKMARK [1][-]{section.1}{Change log}{}% 1
\BOOKMARK [1][-]{section.2}{Introduction}{}% 2
\BOOKMARK [2][-]{subsection.2.1}{About}{section.2}% 3
\BOOKMARK [2][-]{subsection.2.2}{Goals}{section.2}% 4
\BOOKMARK [2][-]{subsection.2.3}{Conventions}{section.2}% 5
\BOOKMARK [1][-]{section.3}{Register File Definitions}{}% 6
\BOOKMARK [2][-]{subsection.3.1}{Register File List}{section.3}% 7
\BOOKMARK [2][-]{subsection.3.2}{General Purpose Registers}{section.3}% 8
\BOOKMARK [2][-]{subsection.3.3}{Special Registers}{section.3}% 9
\BOOKMARK [3][-]{subsubsection.3.3.1}{Control Registers}{subsection.3.3}% 10
\BOOKMARK [3][-]{subsubsection.3.3.2}{Supervisor Registers}{subsection.3.3}% 11
\BOOKMARK [2][-]{subsection.3.4}{Adding Registers}{section.3}% 12
\BOOKMARK [1][-]{section.4}{Instruction Definitions}{}% 13
\BOOKMARK [2][-]{subsection.4.1}{Instruction Types}{section.4}% 14
\BOOKMARK [3][-]{subsubsection.4.1.1}{Integer}{subsection.4.1}% 15
\BOOKMARK [3][-]{subsubsection.4.1.2}{Immediate}{subsection.4.1}% 16
\BOOKMARK [3][-]{subsubsection.4.1.3}{Load/Store}{subsection.4.1}% 17
\BOOKMARK [3][-]{subsubsection.4.1.4}{Branch/Jump}{subsection.4.1}% 18
\BOOKMARK [3][-]{subsubsection.4.1.5}{Co-Processor}{subsection.4.1}% 19
\BOOKMARK [2][-]{subsection.4.2}{List of Instructions}{section.4}% 20
\BOOKMARK [3][-]{subsubsection.4.2.1}{Integer}{subsection.4.2}% 21
\BOOKMARK [3][-]{subsubsection.4.2.2}{Immediate}{subsection.4.2}% 22
\BOOKMARK [3][-]{subsubsection.4.2.3}{Load/Store}{subsection.4.2}% 23
\BOOKMARK [3][-]{subsubsection.4.2.4}{Branch/Jump}{subsection.4.2}% 24
\BOOKMARK [3][-]{subsubsection.4.2.5}{Co-Processor}{subsection.4.2}% 25
\BOOKMARK [1][-]{section.5}{Exceptions and Interrupts}{}% 26
\BOOKMARK [2][-]{subsection.5.1}{Exceptions}{section.5}% 27
\BOOKMARK [2][-]{subsection.5.2}{Interrupts}{section.5}% 28
\BOOKMARK [3][-]{subsubsection.5.2.1}{User Level}{subsection.5.2}% 29
\BOOKMARK [3][-]{subsubsection.5.2.2}{Supervisor Level}{subsection.5.2}% 30
\BOOKMARK [1][-]{section.6}{Co-Processors}{}% 31
\BOOKMARK [2][-]{subsection.6.1}{Co-Processor Interface}{section.6}% 32
\BOOKMARK [3][-]{subsubsection.6.1.1}{Co-Processor Conventions}{subsection.6.1}% 33
\BOOKMARK [3][-]{subsubsection.6.1.2}{Register Connections}{subsection.6.1}% 34
\BOOKMARK [3][-]{subsubsection.6.1.3}{Decode unit Connections}{subsection.6.1}% 35
\BOOKMARK [2][-]{subsection.6.2}{Interface Connection Definitions}{section.6}% 36
\BOOKMARK [2][-]{subsection.6.3}{Adding custom Co-Processor}{section.6}% 37
\BOOKMARK [2][-]{subsection.6.4}{List of Co-Processors}{section.6}% 38
\BOOKMARK [3][-]{subsubsection.6.4.1}{Floating Point}{subsection.6.4}% 39
\BOOKMARK [3][-]{subsubsection.6.4.2}{System Unit}{subsection.6.4}% 40
\BOOKMARK [3][-]{subsubsection.6.4.3}{Memory Management Unit}{subsection.6.4}% 41
\BOOKMARK [3][-]{subsubsection.6.4.4}{Multiprocessor Commnuication Unit}{subsection.6.4}% 42
\BOOKMARK [1][-]{section.7}{Recommended Co-Processors}{}% 43
\BOOKMARK [2][-]{subsection.7.1}{Floating Point Unit}{section.7}% 44
\BOOKMARK [3][-]{subsubsection.7.1.1}{Registers}{subsection.7.1}% 45
\BOOKMARK [3][-]{subsubsection.7.1.2}{Instructions}{subsection.7.1}% 46
\BOOKMARK [2][-]{subsection.7.2}{System Unit}{section.7}% 47
\BOOKMARK [3][-]{subsubsection.7.2.1}{Registers}{subsection.7.2}% 48
\BOOKMARK [3][-]{subsubsection.7.2.2}{Instructions}{subsection.7.2}% 49
\BOOKMARK [2][-]{subsection.7.3}{Memory Management Unit}{section.7}% 50
\BOOKMARK [3][-]{subsubsection.7.3.1}{Registers}{subsection.7.3}% 51
\BOOKMARK [3][-]{subsubsection.7.3.2}{Instructions}{subsection.7.3}% 52
\BOOKMARK [2][-]{subsection.7.4}{Multiprocessor Communication Unit}{section.7}% 53
\BOOKMARK [3][-]{subsubsection.7.4.1}{Registers}{subsection.7.4}% 54
\BOOKMARK [3][-]{subsubsection.7.4.2}{Instructions}{subsection.7.4}% 55
\BOOKMARK [1][-]{section.8}{Memory Map}{}% 56
\BOOKMARK [1][-]{section.9}{Programming Conventions}{}% 57
\BOOKMARK [2][-]{subsection.9.1}{Register Usage}{section.9}% 58
\BOOKMARK [2][-]{subsection.9.2}{Memory Locations for Vector Table}{section.9}% 59
\BOOKMARK [3][-]{subsubsection.9.2.1}{Interrupt Vector Table}{subsection.9.2}% 60
\BOOKMARK [3][-]{subsubsection.9.2.2}{Exception Vector Table}{subsection.9.2}% 61
