Flow report for Fusion-Core-Base
Wed Mar 22 21:51:00 2017
Quartus Prime Version 15.1.0 Build 185 10/21/2015 SJ Lite Edition


---------------------
; Table of Contents ;
---------------------
  1. Legal Notice
  2. Flow Summary
  3. Flow Settings
  4. Flow Non-Default Global Settings
  5. Flow Elapsed Time
  6. Flow OS Summary
  7. Flow Log
  8. Flow Messages
  9. Flow Suppressed Messages



----------------
; Legal Notice ;
----------------
Copyright (C) 1991-2015 Altera Corporation. All rights reserved.
Your use of Altera Corporation's design tools, logic functions 
and other software and tools, and its AMPP partner logic 
functions, and any output files from any of the foregoing 
(including device programming or simulation files), and any 
associated documentation or information are expressly subject 
to the terms and conditions of the Altera Program License 
Subscription Agreement, the Altera Quartus Prime License Agreement,
the Altera MegaCore Function License Agreement, or other 
applicable license agreement, including, without limitation, 
that your use is for the sole purpose of programming logic 
devices manufactured by Altera and sold by Altera or its 
authorized distributors.  Please refer to the applicable 
agreement for further details.



+-------------------------------------------------------------------------------+
; Flow Summary                                                                  ;
+---------------------------------+---------------------------------------------+
; Flow Status                     ; Successful - Wed Mar 22 21:51:00 2017       ;
; Quartus Prime Version           ; 15.1.0 Build 185 10/21/2015 SJ Lite Edition ;
; Revision Name                   ; Fusion-Core-Base                            ;
; Top-level Entity Name           ; baseline_c5gx                               ;
; Family                          ; Cyclone V                                   ;
; Device                          ; 5CGXFC5C6F27C7                              ;
; Timing Models                   ; Final                                       ;
; Logic utilization (in ALMs)     ; 6 / 29,080 ( < 1 % )                        ;
; Total registers                 ; 0                                           ;
; Total pins                      ; 237 / 364 ( 65 % )                          ;
; Total virtual pins              ; 0                                           ;
; Total block memory bits         ; 0 / 4,567,040 ( 0 % )                       ;
; Total DSP Blocks                ; 0 / 150 ( 0 % )                             ;
; Total HSSI RX PCSs              ; 0 / 6 ( 0 % )                               ;
; Total HSSI PMA RX Deserializers ; 0 / 6 ( 0 % )                               ;
; Total HSSI TX PCSs              ; 0 / 6 ( 0 % )                               ;
; Total HSSI PMA TX Serializers   ; 0 / 6 ( 0 % )                               ;
; Total PLLs                      ; 0 / 12 ( 0 % )                              ;
; Total DLLs                      ; 0 / 4 ( 0 % )                               ;
+---------------------------------+---------------------------------------------+


+-----------------------------------------+
; Flow Settings                           ;
+-------------------+---------------------+
; Option            ; Setting             ;
+-------------------+---------------------+
; Start date & time ; 03/22/2017 21:49:39 ;
; Main task         ; Compilation         ;
; Revision Name     ; Fusion-Core-Base    ;
+-------------------+---------------------+


+------------------------------------------------------------------------------------------------------------------------------------------+
; Flow Non-Default Global Settings                                                                                                         ;
+-------------------------------------+---------------------------------------+------------------+---------------+-------------------------+
; Assignment Name                     ; Value                                 ; Default Value    ; Entity Name   ; Section Id              ;
+-------------------------------------+---------------------------------------+------------------+---------------+-------------------------+
; COMPILER_SIGNATURE_ID               ; 207120312923890.149023377905964       ; --               ; --            ; --                      ;
; EDA_BOARD_DESIGN_TIMING_TOOL        ; Stamp (Timing)                        ; <None>           ; --            ; --                      ;
; EDA_OUTPUT_DATA_FORMAT              ; Stamp                                 ; --               ; --            ; eda_board_design_timing ;
; EDA_OUTPUT_DATA_FORMAT              ; Verilog Hdl                           ; --               ; --            ; eda_simulation          ;
; EDA_SIMULATION_TOOL                 ; ModelSim-Altera (Verilog)             ; <None>           ; --            ; --                      ;
; MAX_CORE_JUNCTION_TEMP              ; 85                                    ; --               ; --            ; --                      ;
; MIN_CORE_JUNCTION_TEMP              ; 0                                     ; --               ; --            ; --                      ;
; PARTITION_COLOR                     ; 16764057                              ; --               ; baseline_c5gx ; Top                     ;
; PARTITION_FITTER_PRESERVATION_LEVEL ; PLACEMENT_AND_ROUTING                 ; --               ; baseline_c5gx ; Top                     ;
; PARTITION_NETLIST_TYPE              ; SOURCE                                ; --               ; baseline_c5gx ; Top                     ;
; POWER_BOARD_THERMAL_MODEL           ; None (CONSERVATIVE)                   ; --               ; --            ; --                      ;
; POWER_PRESET_COOLING_SOLUTION       ; 23 MM HEAT SINK WITH 200 LFPM AIRFLOW ; --               ; --            ; --                      ;
; POWER_USE_INPUT_FILES               ; On                                    ; Off              ; --            ; --                      ;
; PROJECT_OUTPUT_DIRECTORY            ; output_files                          ; --               ; --            ; --                      ;
; TOP_LEVEL_ENTITY                    ; baseline_c5gx                         ; Fusion-Core-Base ; --            ; --                      ;
+-------------------------------------+---------------------------------------+------------------+---------------+-------------------------+


+-------------------------------------------------------------------------------------------------------------------------------+
; Flow Elapsed Time                                                                                                             ;
+---------------------------+--------------+-------------------------+---------------------+------------------------------------+
; Module Name               ; Elapsed Time ; Average Processors Used ; Peak Virtual Memory ; Total CPU Time (on all processors) ;
+---------------------------+--------------+-------------------------+---------------------+------------------------------------+
; Analysis & Synthesis      ; 00:00:12     ; 1.0                     ; 858 MB              ; 00:00:22                           ;
; Fitter                    ; 00:00:37     ; 1.0                     ; 1971 MB             ; 00:00:39                           ;
; Assembler                 ; 00:00:08     ; 1.0                     ; 875 MB              ; 00:00:07                           ;
; TimeQuest Timing Analyzer ; 00:00:10     ; 1.0                     ; 1152 MB             ; 00:00:10                           ;
; EDA Netlist Writer        ; 00:00:01     ; 1.0                     ; 795 MB              ; 00:00:01                           ;
; Total                     ; 00:01:08     ; --                      ; --                  ; 00:01:19                           ;
+---------------------------+--------------+-------------------------+---------------------+------------------------------------+


+----------------------------------------------------------------------------------------+
; Flow OS Summary                                                                        ;
+---------------------------+------------------+-----------+------------+----------------+
; Module Name               ; Machine Hostname ; OS Name   ; OS Version ; Processor type ;
+---------------------------+------------------+-----------+------------+----------------+
; Analysis & Synthesis      ; RedBox           ; Windows 8 ; 6.2        ; x86_64         ;
; Fitter                    ; RedBox           ; Windows 8 ; 6.2        ; x86_64         ;
; Assembler                 ; RedBox           ; Windows 8 ; 6.2        ; x86_64         ;
; TimeQuest Timing Analyzer ; RedBox           ; Windows 8 ; 6.2        ; x86_64         ;
; EDA Netlist Writer        ; RedBox           ; Windows 8 ; 6.2        ; x86_64         ;
+---------------------------+------------------+-----------+------------+----------------+


------------
; Flow Log ;
------------
quartus_map --read_settings_files=on --write_settings_files=off Fusion-Core-Base -c Fusion-Core-Base
quartus_fit --read_settings_files=off --write_settings_files=off Fusion-Core-Base -c Fusion-Core-Base
quartus_asm --read_settings_files=off --write_settings_files=off Fusion-Core-Base -c Fusion-Core-Base
quartus_sta Fusion-Core-Base -c Fusion-Core-Base
quartus_eda --read_settings_files=off --write_settings_files=off Fusion-Core-Base -c Fusion-Core-Base



