EDA Netlist Writer report for Fusion-Core-Base
Wed Mar 22 21:51:00 2017
Quartus Prime Version 15.1.0 Build 185 10/21/2015 SJ Lite Edition


---------------------
; Table of Contents ;
---------------------
  1. Legal Notice
  2. EDA Netlist Writer Summary
  3. Simulation Settings
  4. Simulation Generated Files
  5. Board-Level Settings
  6. Board-Level Generated Files
  7. EDA Netlist Writer Messages



----------------
; Legal Notice ;
----------------
Copyright (C) 1991-2015 Altera Corporation. All rights reserved.
Your use of Altera Corporation's design tools, logic functions 
and other software and tools, and its AMPP partner logic 
functions, and any output files from any of the foregoing 
(including device programming or simulation files), and any 
associated documentation or information are expressly subject 
to the terms and conditions of the Altera Program License 
Subscription Agreement, the Altera Quartus Prime License Agreement,
the Altera MegaCore Function License Agreement, or other 
applicable license agreement, including, without limitation, 
that your use is for the sole purpose of programming logic 
devices manufactured by Altera and sold by Altera or its 
authorized distributors.  Please refer to the applicable 
agreement for further details.



+------------------------------------------------------------------------------+
; EDA Netlist Writer Summary                                                   ;
+--------------------------------------+---------------------------------------+
; EDA Netlist Writer Status            ; Successful - Wed Mar 22 21:51:00 2017 ;
; Revision Name                        ; Fusion-Core-Base                      ;
; Top-level Entity Name                ; baseline_c5gx                         ;
; Family                               ; Cyclone V                             ;
; Simulation Files Creation            ; Successful                            ;
; Board Timing Analysis Files Creation ; Successful                            ;
+--------------------------------------+---------------------------------------+


+-------------------------------------------------------------------------------------------------------------------------------+
; Simulation Settings                                                                                                           ;
+---------------------------------------------------------------------------------------------------+---------------------------+
; Option                                                                                            ; Setting                   ;
+---------------------------------------------------------------------------------------------------+---------------------------+
; Tool Name                                                                                         ; ModelSim-Altera (Verilog) ;
; Generate netlist for functional simulation only                                                   ; Off                       ;
; Time scale                                                                                        ; 1 ps                      ;
; Truncate long hierarchy paths                                                                     ; Off                       ;
; Map illegal HDL characters                                                                        ; Off                       ;
; Flatten buses into individual nodes                                                               ; Off                       ;
; Maintain hierarchy                                                                                ; Off                       ;
; Bring out device-wide set/reset signals as ports                                                  ; Off                       ;
; Enable glitch filtering                                                                           ; Off                       ;
; Do not write top level VHDL entity                                                                ; Off                       ;
; Disable detection of setup and hold time violations in the input registers of bi-directional pins ; Off                       ;
; Architecture name in VHDL output netlist                                                          ; structure                 ;
; Generate third-party EDA tool command script for RTL functional simulation                        ; Off                       ;
; Generate third-party EDA tool command script for gate-level simulation                            ; Off                       ;
+---------------------------------------------------------------------------------------------------+---------------------------+


+-----------------------------------------------------------------------------------+
; Simulation Generated Files                                                        ;
+-----------------------------------------------------------------------------------+
; Generated Files                                                                   ;
+-----------------------------------------------------------------------------------+
; C:/Data/Fusion-Core/Fusion-Core-Base/work/simulation/modelsim/Fusion-Core-Base.vo ;
+-----------------------------------------------------------------------------------+


+----------------------------------------+
; Board-Level Settings                   ;
+------------------------------+---------+
; Option                       ; Setting ;
+------------------------------+---------+
; Board Timing Analysis Format ; STAMP   ;
+------------------------------+---------+


+---------------------------------------------------------------------------------------------------------------------------------------------------------------------+
; Board-Level Generated Files                                                                                                                                         ;
+---------------------------------------------------------------------------------------------------------------------------------------------------------------------+
; Generated Files                                                                                                                                                     ;
+---------------------------------------------------------------------------------------------------------------------------------------------------------------------+
; Board Timing Analysis                                                                                                                                               ;
;     C:/Data/Fusion-Core/Fusion-Core-Base/work/timing/stamp/C:/Data/Fusion-Core/Fusion-Core-Base/work/timing/stamp//Fusion-Core-Base_7_h6_1100mv_85c_board_slow.mod  ;
;     C:/Data/Fusion-Core/Fusion-Core-Base/work/timing/stamp/C:/Data/Fusion-Core/Fusion-Core-Base/work/timing/stamp//Fusion-Core-Base_7_h6_1100mv_85c_board_slow.data ;
;     C:/Data/Fusion-Core/Fusion-Core-Base/work/timing/stamp/C:/Data/Fusion-Core/Fusion-Core-Base/work/timing/stamp//Fusion-Core-Base_7_h6_1100mv_0c_board_slow.mod   ;
;     C:/Data/Fusion-Core/Fusion-Core-Base/work/timing/stamp/C:/Data/Fusion-Core/Fusion-Core-Base/work/timing/stamp//Fusion-Core-Base_7_h6_1100mv_0c_board_slow.data  ;
;     C:/Data/Fusion-Core/Fusion-Core-Base/work/timing/stamp/C:/Data/Fusion-Core/Fusion-Core-Base/work/timing/stamp//Fusion-Core-Base_min_1100mv_0c_board_fast.mod    ;
;     C:/Data/Fusion-Core/Fusion-Core-Base/work/timing/stamp/C:/Data/Fusion-Core/Fusion-Core-Base/work/timing/stamp//Fusion-Core-Base_min_1100mv_0c_board_fast.data   ;
;     C:/Data/Fusion-Core/Fusion-Core-Base/work/timing/stamp/C:/Data/Fusion-Core/Fusion-Core-Base/work/timing/stamp//Fusion-Core-Base_min_1100mv_85c_board_fast.mod   ;
;     C:/Data/Fusion-Core/Fusion-Core-Base/work/timing/stamp/C:/Data/Fusion-Core/Fusion-Core-Base/work/timing/stamp//Fusion-Core-Base_min_1100mv_85c_board_fast.data  ;
;     C:/Data/Fusion-Core/Fusion-Core-Base/work/timing/stamp/C:/Data/Fusion-Core/Fusion-Core-Base/work/timing/stamp//Fusion-Core-Base_board.mod                       ;
;     C:/Data/Fusion-Core/Fusion-Core-Base/work/timing/stamp/C:/Data/Fusion-Core/Fusion-Core-Base/work/timing/stamp//Fusion-Core-Base_board.data                      ;
+---------------------------------------------------------------------------------------------------------------------------------------------------------------------+


+-----------------------------+
; EDA Netlist Writer Messages ;
+-----------------------------+
Info: *******************************************************************
Info: Running Quartus Prime EDA Netlist Writer
    Info: Version 15.1.0 Build 185 10/21/2015 SJ Lite Edition
    Info: Processing started: Wed Mar 22 21:50:59 2017
Info: Command: quartus_eda --read_settings_files=off --write_settings_files=off Fusion-Core-Base -c Fusion-Core-Base
Warning (10905): Generated the EDA functional simulation files although EDA timing simulation option is chosen.
Info (204019): Generated file Fusion-Core-Base.vo in folder "C:/Data/Fusion-Core/Fusion-Core-Base/work/simulation/modelsim/" for EDA simulation tool
Info (199047): Generated files "C:/Data/Fusion-Core/Fusion-Core-Base/work/timing/stamp//Fusion-Core-Base_7_h6_1100mv_85c_board_slow.mod" and "C:/Data/Fusion-Core/Fusion-Core-Base/work/timing/stamp//Fusion-Core-Base_7_h6_1100mv_85c_board_slow.data"
Info (199047): Generated files "C:/Data/Fusion-Core/Fusion-Core-Base/work/timing/stamp//Fusion-Core-Base_7_h6_1100mv_0c_board_slow.mod" and "C:/Data/Fusion-Core/Fusion-Core-Base/work/timing/stamp//Fusion-Core-Base_7_h6_1100mv_0c_board_slow.data"
Info (199047): Generated files "C:/Data/Fusion-Core/Fusion-Core-Base/work/timing/stamp//Fusion-Core-Base_min_1100mv_0c_board_fast.mod" and "C:/Data/Fusion-Core/Fusion-Core-Base/work/timing/stamp//Fusion-Core-Base_min_1100mv_0c_board_fast.data"
Info (199047): Generated files "C:/Data/Fusion-Core/Fusion-Core-Base/work/timing/stamp//Fusion-Core-Base_min_1100mv_85c_board_fast.mod" and "C:/Data/Fusion-Core/Fusion-Core-Base/work/timing/stamp//Fusion-Core-Base_min_1100mv_85c_board_fast.data"
Info (199047): Generated files "C:/Data/Fusion-Core/Fusion-Core-Base/work/timing/stamp//Fusion-Core-Base_board.mod" and "C:/Data/Fusion-Core/Fusion-Core-Base/work/timing/stamp//Fusion-Core-Base_board.data"
Info: Quartus Prime EDA Netlist Writer was successful. 0 errors, 1 warning
    Info: Peak virtual memory: 795 megabytes
    Info: Processing ended: Wed Mar 22 21:51:00 2017
    Info: Elapsed time: 00:00:01
    Info: Total CPU time (on all processors): 00:00:02


