Analysis & Synthesis report for Fusion-Core-Base
Wed Mar 22 21:49:50 2017
Quartus Prime Version 15.1.0 Build 185 10/21/2015 SJ Lite Edition


---------------------
; Table of Contents ;
---------------------
  1. Legal Notice
  2. Analysis & Synthesis Summary
  3. Analysis & Synthesis Settings
  4. Parallel Compilation
  5. Analysis & Synthesis Source Files Read
  6. Analysis & Synthesis Resource Usage Summary
  7. Analysis & Synthesis Resource Utilization by Entity
  8. General Register Statistics
  9. Parameter Settings for User Entity Instance: ALU:ALU_inst|add_32:add_32
 10. Parameter Settings for User Entity Instance: ALU:ALU_inst|add_32:sub_32
 11. Port Connectivity Checks: "ALU:ALU_inst|add_32:sub_32"
 12. Port Connectivity Checks: "ALU:ALU_inst|add_32:add_32|adder_1b:add_b31"
 13. Port Connectivity Checks: "ALU:ALU_inst|add_32:add_32|adder_1b:add_b30"
 14. Port Connectivity Checks: "ALU:ALU_inst|add_32:add_32|adder_1b:add_b29"
 15. Port Connectivity Checks: "ALU:ALU_inst|add_32:add_32|adder_1b:add_b28"
 16. Port Connectivity Checks: "ALU:ALU_inst|add_32:add_32|adder_1b:add_b27"
 17. Port Connectivity Checks: "ALU:ALU_inst|add_32:add_32|adder_1b:add_b26"
 18. Port Connectivity Checks: "ALU:ALU_inst|add_32:add_32|adder_1b:add_b25"
 19. Port Connectivity Checks: "ALU:ALU_inst|add_32:add_32|adder_1b:add_b24"
 20. Port Connectivity Checks: "ALU:ALU_inst|add_32:add_32|adder_1b:add_b23"
 21. Port Connectivity Checks: "ALU:ALU_inst|add_32:add_32|adder_1b:add_b22"
 22. Port Connectivity Checks: "ALU:ALU_inst|add_32:add_32|adder_1b:add_b21"
 23. Port Connectivity Checks: "ALU:ALU_inst|add_32:add_32|adder_1b:add_b20"
 24. Port Connectivity Checks: "ALU:ALU_inst|add_32:add_32|adder_1b:add_b19"
 25. Port Connectivity Checks: "ALU:ALU_inst|add_32:add_32|adder_1b:add_b18"
 26. Port Connectivity Checks: "ALU:ALU_inst|add_32:add_32|adder_1b:add_b17"
 27. Port Connectivity Checks: "ALU:ALU_inst|add_32:add_32|adder_1b:add_b16"
 28. Port Connectivity Checks: "ALU:ALU_inst|add_32:add_32|adder_1b:add_b15"
 29. Port Connectivity Checks: "ALU:ALU_inst|add_32:add_32|adder_1b:add_b14"
 30. Port Connectivity Checks: "ALU:ALU_inst|add_32:add_32|adder_1b:add_b13"
 31. Port Connectivity Checks: "ALU:ALU_inst|add_32:add_32|adder_1b:add_b12"
 32. Port Connectivity Checks: "ALU:ALU_inst|add_32:add_32|adder_1b:add_b11"
 33. Port Connectivity Checks: "ALU:ALU_inst|add_32:add_32|adder_1b:add_b10"
 34. Port Connectivity Checks: "ALU:ALU_inst|add_32:add_32|adder_1b:add_b9"
 35. Port Connectivity Checks: "ALU:ALU_inst|add_32:add_32|adder_1b:add_b8"
 36. Port Connectivity Checks: "ALU:ALU_inst|add_32:add_32|adder_1b:add_b7"
 37. Port Connectivity Checks: "ALU:ALU_inst|add_32:add_32|adder_1b:add_b6"
 38. Port Connectivity Checks: "ALU:ALU_inst|add_32:add_32|adder_1b:add_b5"
 39. Port Connectivity Checks: "ALU:ALU_inst|add_32:add_32|adder_1b:add_b4"
 40. Port Connectivity Checks: "ALU:ALU_inst|add_32:add_32|adder_1b:add_b3"
 41. Port Connectivity Checks: "ALU:ALU_inst|add_32:add_32|adder_1b:add_b2"
 42. Port Connectivity Checks: "ALU:ALU_inst|add_32:add_32|adder_1b:add_b1"
 43. Port Connectivity Checks: "ALU:ALU_inst|add_32:add_32|adder_1b:add_b0"
 44. Port Connectivity Checks: "ALU:ALU_inst|add_32:add_32"
 45. Port Connectivity Checks: "ALU:ALU_inst"
 46. Post-Synthesis Netlist Statistics for Top Partition
 47. Elapsed Time Per Partition
 48. Analysis & Synthesis Messages
 49. Analysis & Synthesis Suppressed Messages



----------------
; Legal Notice ;
----------------
Copyright (C) 1991-2015 Altera Corporation. All rights reserved.
Your use of Altera Corporation's design tools, logic functions 
and other software and tools, and its AMPP partner logic 
functions, and any output files from any of the foregoing 
(including device programming or simulation files), and any 
associated documentation or information are expressly subject 
to the terms and conditions of the Altera Program License 
Subscription Agreement, the Altera Quartus Prime License Agreement,
the Altera MegaCore Function License Agreement, or other 
applicable license agreement, including, without limitation, 
that your use is for the sole purpose of programming logic 
devices manufactured by Altera and sold by Altera or its 
authorized distributors.  Please refer to the applicable 
agreement for further details.



+-------------------------------------------------------------------------------+
; Analysis & Synthesis Summary                                                  ;
+---------------------------------+---------------------------------------------+
; Analysis & Synthesis Status     ; Successful - Wed Mar 22 21:49:50 2017       ;
; Quartus Prime Version           ; 15.1.0 Build 185 10/21/2015 SJ Lite Edition ;
; Revision Name                   ; Fusion-Core-Base                            ;
; Top-level Entity Name           ; baseline_c5gx                               ;
; Family                          ; Cyclone V                                   ;
; Logic utilization (in ALMs)     ; N/A                                         ;
; Total registers                 ; 0                                           ;
; Total pins                      ; 236                                         ;
; Total virtual pins              ; 0                                           ;
; Total block memory bits         ; 0                                           ;
; Total DSP Blocks                ; 0                                           ;
; Total HSSI RX PCSs              ; 0                                           ;
; Total HSSI PMA RX Deserializers ; 0                                           ;
; Total HSSI TX PCSs              ; 0                                           ;
; Total HSSI PMA TX Serializers   ; 0                                           ;
; Total PLLs                      ; 0                                           ;
; Total DLLs                      ; 0                                           ;
+---------------------------------+---------------------------------------------+


+---------------------------------------------------------------------------------------------------------------------------+
; Analysis & Synthesis Settings                                                                                             ;
+---------------------------------------------------------------------------------+--------------------+--------------------+
; Option                                                                          ; Setting            ; Default Value      ;
+---------------------------------------------------------------------------------+--------------------+--------------------+
; Device                                                                          ; 5CGXFC5C6F27C7     ;                    ;
; Top-level entity name                                                           ; baseline_c5gx      ; Fusion-Core-Base   ;
; Family name                                                                     ; Cyclone V          ; Cyclone V          ;
; Use smart compilation                                                           ; Off                ; Off                ;
; Enable parallel Assembler and TimeQuest Timing Analyzer during compilation      ; On                 ; On                 ;
; Enable compact report table                                                     ; Off                ; Off                ;
; Restructure Multiplexers                                                        ; Auto               ; Auto               ;
; MLAB Add Timing Constraints For Mixed-Port Feed-Through Mode Setting Don't Care ; Off                ; Off                ;
; Create Debugging Nodes for IP Cores                                             ; Off                ; Off                ;
; Preserve fewer node names                                                       ; On                 ; On                 ;
; Disable OpenCore Plus hardware evaluation                                       ; Off                ; Off                ;
; Verilog Version                                                                 ; Verilog_2001       ; Verilog_2001       ;
; VHDL Version                                                                    ; VHDL_1993          ; VHDL_1993          ;
; State Machine Processing                                                        ; Auto               ; Auto               ;
; Safe State Machine                                                              ; Off                ; Off                ;
; Extract Verilog State Machines                                                  ; On                 ; On                 ;
; Extract VHDL State Machines                                                     ; On                 ; On                 ;
; Ignore Verilog initial constructs                                               ; Off                ; Off                ;
; Iteration limit for constant Verilog loops                                      ; 5000               ; 5000               ;
; Iteration limit for non-constant Verilog loops                                  ; 250                ; 250                ;
; Add Pass-Through Logic to Inferred RAMs                                         ; On                 ; On                 ;
; Infer RAMs from Raw Logic                                                       ; On                 ; On                 ;
; Parallel Synthesis                                                              ; On                 ; On                 ;
; DSP Block Balancing                                                             ; Auto               ; Auto               ;
; NOT Gate Push-Back                                                              ; On                 ; On                 ;
; Power-Up Don't Care                                                             ; On                 ; On                 ;
; Remove Redundant Logic Cells                                                    ; Off                ; Off                ;
; Remove Duplicate Registers                                                      ; On                 ; On                 ;
; Ignore CARRY Buffers                                                            ; Off                ; Off                ;
; Ignore CASCADE Buffers                                                          ; Off                ; Off                ;
; Ignore GLOBAL Buffers                                                           ; Off                ; Off                ;
; Ignore ROW GLOBAL Buffers                                                       ; Off                ; Off                ;
; Ignore LCELL Buffers                                                            ; Off                ; Off                ;
; Ignore SOFT Buffers                                                             ; On                 ; On                 ;
; Limit AHDL Integers to 32 Bits                                                  ; Off                ; Off                ;
; Optimization Technique                                                          ; Balanced           ; Balanced           ;
; Carry Chain Length                                                              ; 70                 ; 70                 ;
; Auto Carry Chains                                                               ; On                 ; On                 ;
; Auto Open-Drain Pins                                                            ; On                 ; On                 ;
; Perform WYSIWYG Primitive Resynthesis                                           ; Off                ; Off                ;
; Auto ROM Replacement                                                            ; On                 ; On                 ;
; Auto RAM Replacement                                                            ; On                 ; On                 ;
; Auto DSP Block Replacement                                                      ; On                 ; On                 ;
; Auto Shift Register Replacement                                                 ; Auto               ; Auto               ;
; Allow Shift Register Merging across Hierarchies                                 ; Auto               ; Auto               ;
; Auto Clock Enable Replacement                                                   ; On                 ; On                 ;
; Strict RAM Replacement                                                          ; Off                ; Off                ;
; Allow Synchronous Control Signals                                               ; On                 ; On                 ;
; Force Use of Synchronous Clear Signals                                          ; Off                ; Off                ;
; Auto Resource Sharing                                                           ; Off                ; Off                ;
; Allow Any RAM Size For Recognition                                              ; Off                ; Off                ;
; Allow Any ROM Size For Recognition                                              ; Off                ; Off                ;
; Allow Any Shift Register Size For Recognition                                   ; Off                ; Off                ;
; Use LogicLock Constraints during Resource Balancing                             ; On                 ; On                 ;
; Ignore translate_off and synthesis_off directives                               ; Off                ; Off                ;
; Timing-Driven Synthesis                                                         ; On                 ; On                 ;
; Report Parameter Settings                                                       ; On                 ; On                 ;
; Report Source Assignments                                                       ; On                 ; On                 ;
; Report Connectivity Checks                                                      ; On                 ; On                 ;
; Ignore Maximum Fan-Out Assignments                                              ; Off                ; Off                ;
; Synchronization Register Chain Length                                           ; 3                  ; 3                  ;
; PowerPlay Power Optimization During Synthesis                                   ; Normal compilation ; Normal compilation ;
; HDL message level                                                               ; Level2             ; Level2             ;
; Suppress Register Optimization Related Messages                                 ; Off                ; Off                ;
; Number of Removed Registers Reported in Synthesis Report                        ; 5000               ; 5000               ;
; Number of Swept Nodes Reported in Synthesis Report                              ; 5000               ; 5000               ;
; Number of Inverted Registers Reported in Synthesis Report                       ; 100                ; 100                ;
; Clock MUX Protection                                                            ; On                 ; On                 ;
; Auto Gated Clock Conversion                                                     ; Off                ; Off                ;
; Block Design Naming                                                             ; Auto               ; Auto               ;
; SDC constraint protection                                                       ; Off                ; Off                ;
; Synthesis Effort                                                                ; Auto               ; Auto               ;
; Shift Register Replacement - Allow Asynchronous Clear Signal                    ; On                 ; On                 ;
; Pre-Mapping Resynthesis Optimization                                            ; Off                ; Off                ;
; Analysis & Synthesis Message Level                                              ; Medium             ; Medium             ;
; Disable Register Merging Across Hierarchies                                     ; Auto               ; Auto               ;
; Resource Aware Inference For Block RAM                                          ; On                 ; On                 ;
; Synthesis Seed                                                                  ; 1                  ; 1                  ;
; Automatic Parallel Synthesis                                                    ; On                 ; On                 ;
; Partial Reconfiguration Bitstream ID                                            ; Off                ; Off                ;
+---------------------------------------------------------------------------------+--------------------+--------------------+


Parallel compilation was disabled, but you have multiple processors available. Enable parallel compilation to reduce compilation time.
+-------------------------------------+
; Parallel Compilation                ;
+----------------------------+--------+
; Processors                 ; Number ;
+----------------------------+--------+
; Number detected on machine ; 4      ;
; Maximum allowed            ; 1      ;
+----------------------------+--------+


+---------------------------------------------------------------------------------------------------------------------------------------------------------+
; Analysis & Synthesis Source Files Read                                                                                                                  ;
+----------------------------------+-----------------+------------------------------+-----------------------------------------------------------+---------+
; File Name with User-Entered Path ; Used in Netlist ; File Type                    ; File Name with Absolute Path                              ; Library ;
+----------------------------------+-----------------+------------------------------+-----------------------------------------------------------+---------+
; ../ALU.v                         ; yes             ; User Verilog HDL File        ; C:/Data/Fusion-Core/Fusion-Core-Base/ALU.v                ;         ;
; ../add_32.v                      ; yes             ; User Verilog HDL File        ; C:/Data/Fusion-Core/Fusion-Core-Base/add_32.v             ;         ;
; baseline_c5gx.v                  ; yes             ; User Verilog HDL File        ; C:/Data/Fusion-Core/Fusion-Core-Base/work/baseline_c5gx.v ;         ;
; ../adder_1b.v                    ; yes             ; Auto-Found Verilog HDL File  ; C:/Data/Fusion-Core/Fusion-Core-Base/adder_1b.v           ;         ;
+----------------------------------+-----------------+------------------------------+-----------------------------------------------------------+---------+


+-----------------------------------------------------------+
; Analysis & Synthesis Resource Usage Summary               ;
+---------------------------------------------+-------------+
; Resource                                    ; Usage       ;
+---------------------------------------------+-------------+
; Estimate of Logic utilization (ALMs needed) ; 5           ;
;                                             ;             ;
; Combinational ALUT usage for logic          ; 7           ;
;     -- 7 input functions                    ; 0           ;
;     -- 6 input functions                    ; 2           ;
;     -- 5 input functions                    ; 2           ;
;     -- 4 input functions                    ; 1           ;
;     -- <=3 input functions                  ; 2           ;
;                                             ;             ;
; Dedicated logic registers                   ; 0           ;
;                                             ;             ;
; I/O pins                                    ; 236         ;
;                                             ;             ;
; Total DSP Blocks                            ; 0           ;
;                                             ;             ;
; Maximum fan-out node                        ; SW[0]~input ;
; Maximum fan-out                             ; 4           ;
; Total fan-out                               ; 370         ;
; Average fan-out                             ; 0.64        ;
+---------------------------------------------+-------------+


+-------------------------------------------------------------------------------------------------------------------------------------------------------------------------------------------------+
; Analysis & Synthesis Resource Utilization by Entity                                                                                                                                             ;
+----------------------------+-------------------+--------------+-------------------+------------+------+--------------+-----------------------------------------------------------+--------------+
; Compilation Hierarchy Node ; LC Combinationals ; LC Registers ; Block Memory Bits ; DSP Blocks ; Pins ; Virtual Pins ; Full Hierarchy Name                                       ; Library Name ;
+----------------------------+-------------------+--------------+-------------------+------------+------+--------------+-----------------------------------------------------------+--------------+
; |baseline_c5gx             ; 7 (0)             ; 0 (0)        ; 0                 ; 0          ; 236  ; 0            ; |baseline_c5gx                                            ; work         ;
;    |ALU:ALU_inst|          ; 7 (0)             ; 0 (0)        ; 0                 ; 0          ; 0    ; 0            ; |baseline_c5gx|ALU:ALU_inst                               ; work         ;
;       |add_32:add_32|      ; 7 (2)             ; 0 (0)        ; 0                 ; 0          ; 0    ; 0            ; |baseline_c5gx|ALU:ALU_inst|add_32:add_32                 ; work         ;
;          |adder_1b:add_b0| ; 1 (1)             ; 0 (0)        ; 0                 ; 0          ; 0    ; 0            ; |baseline_c5gx|ALU:ALU_inst|add_32:add_32|adder_1b:add_b0 ; work         ;
;          |adder_1b:add_b1| ; 1 (1)             ; 0 (0)        ; 0                 ; 0          ; 0    ; 0            ; |baseline_c5gx|ALU:ALU_inst|add_32:add_32|adder_1b:add_b1 ; work         ;
;          |adder_1b:add_b2| ; 1 (1)             ; 0 (0)        ; 0                 ; 0          ; 0    ; 0            ; |baseline_c5gx|ALU:ALU_inst|add_32:add_32|adder_1b:add_b2 ; work         ;
;          |adder_1b:add_b3| ; 1 (1)             ; 0 (0)        ; 0                 ; 0          ; 0    ; 0            ; |baseline_c5gx|ALU:ALU_inst|add_32:add_32|adder_1b:add_b3 ; work         ;
;          |adder_1b:add_b4| ; 1 (1)             ; 0 (0)        ; 0                 ; 0          ; 0    ; 0            ; |baseline_c5gx|ALU:ALU_inst|add_32:add_32|adder_1b:add_b4 ; work         ;
+----------------------------+-------------------+--------------+-------------------+------------+------+--------------+-----------------------------------------------------------+--------------+
Note: For table entries with two numbers listed, the numbers in parentheses indicate the number of resources of the given type used by the specific entity alone. The numbers listed outside of parentheses indicate the total resources of the given type used by the specific entity and all of its sub-entities in the hierarchy.


+------------------------------------------------------+
; General Register Statistics                          ;
+----------------------------------------------+-------+
; Statistic                                    ; Value ;
+----------------------------------------------+-------+
; Total registers                              ; 0     ;
; Number of registers using Synchronous Clear  ; 0     ;
; Number of registers using Synchronous Load   ; 0     ;
; Number of registers using Asynchronous Clear ; 0     ;
; Number of registers using Asynchronous Load  ; 0     ;
; Number of registers using Clock Enable       ; 0     ;
; Number of registers using Preset             ; 0     ;
+----------------------------------------------+-------+


+-------------------------------------------------------------------------+
; Parameter Settings for User Entity Instance: ALU:ALU_inst|add_32:add_32 ;
+----------------+-------+------------------------------------------------+
; Parameter Name ; Value ; Type                                           ;
+----------------+-------+------------------------------------------------+
; NBIT           ; 32    ; Signed Integer                                 ;
+----------------+-------+------------------------------------------------+
Note: In order to hide this table in the UI and the text report file, please set the "Show Parameter Settings in Synthesis Report" option in "Analysis and Synthesis Settings -> More Settings" to "Off".


+-------------------------------------------------------------------------+
; Parameter Settings for User Entity Instance: ALU:ALU_inst|add_32:sub_32 ;
+----------------+-------+------------------------------------------------+
; Parameter Name ; Value ; Type                                           ;
+----------------+-------+------------------------------------------------+
; NBIT           ; 32    ; Signed Integer                                 ;
+----------------+-------+------------------------------------------------+
Note: In order to hide this table in the UI and the text report file, please set the "Show Parameter Settings in Synthesis Report" option in "Analysis and Synthesis Settings -> More Settings" to "Off".


+--------------------------------------------------------+
; Port Connectivity Checks: "ALU:ALU_inst|add_32:sub_32" ;
+---------+-------+----------+---------------------------+
; Port    ; Type  ; Severity ; Details                   ;
+---------+-------+----------+---------------------------+
; carryin ; Input ; Info     ; Stuck at VCC              ;
+---------+-------+----------+---------------------------+


+-------------------------------------------------------------------------+
; Port Connectivity Checks: "ALU:ALU_inst|add_32:add_32|adder_1b:add_b31" ;
+-----------+--------+----------+-----------------------------------------+
; Port      ; Type   ; Severity ; Details                                 ;
+-----------+--------+----------+-----------------------------------------+
; carry_out ; Output ; Info     ; Explicitly unconnected                  ;
+-----------+--------+----------+-----------------------------------------+


+-------------------------------------------------------------------------+
; Port Connectivity Checks: "ALU:ALU_inst|add_32:add_32|adder_1b:add_b30" ;
+-----------+--------+----------+-----------------------------------------+
; Port      ; Type   ; Severity ; Details                                 ;
+-----------+--------+----------+-----------------------------------------+
; carry_out ; Output ; Info     ; Explicitly unconnected                  ;
+-----------+--------+----------+-----------------------------------------+


+-------------------------------------------------------------------------+
; Port Connectivity Checks: "ALU:ALU_inst|add_32:add_32|adder_1b:add_b29" ;
+-----------+--------+----------+-----------------------------------------+
; Port      ; Type   ; Severity ; Details                                 ;
+-----------+--------+----------+-----------------------------------------+
; carry_out ; Output ; Info     ; Explicitly unconnected                  ;
+-----------+--------+----------+-----------------------------------------+


+-------------------------------------------------------------------------+
; Port Connectivity Checks: "ALU:ALU_inst|add_32:add_32|adder_1b:add_b28" ;
+-----------+--------+----------+-----------------------------------------+
; Port      ; Type   ; Severity ; Details                                 ;
+-----------+--------+----------+-----------------------------------------+
; carry_out ; Output ; Info     ; Explicitly unconnected                  ;
+-----------+--------+----------+-----------------------------------------+


+-------------------------------------------------------------------------+
; Port Connectivity Checks: "ALU:ALU_inst|add_32:add_32|adder_1b:add_b27" ;
+-----------+--------+----------+-----------------------------------------+
; Port      ; Type   ; Severity ; Details                                 ;
+-----------+--------+----------+-----------------------------------------+
; carry_out ; Output ; Info     ; Explicitly unconnected                  ;
+-----------+--------+----------+-----------------------------------------+


+-------------------------------------------------------------------------+
; Port Connectivity Checks: "ALU:ALU_inst|add_32:add_32|adder_1b:add_b26" ;
+-----------+--------+----------+-----------------------------------------+
; Port      ; Type   ; Severity ; Details                                 ;
+-----------+--------+----------+-----------------------------------------+
; carry_out ; Output ; Info     ; Explicitly unconnected                  ;
+-----------+--------+----------+-----------------------------------------+


+-------------------------------------------------------------------------+
; Port Connectivity Checks: "ALU:ALU_inst|add_32:add_32|adder_1b:add_b25" ;
+-----------+--------+----------+-----------------------------------------+
; Port      ; Type   ; Severity ; Details                                 ;
+-----------+--------+----------+-----------------------------------------+
; carry_out ; Output ; Info     ; Explicitly unconnected                  ;
+-----------+--------+----------+-----------------------------------------+


+-------------------------------------------------------------------------+
; Port Connectivity Checks: "ALU:ALU_inst|add_32:add_32|adder_1b:add_b24" ;
+-----------+--------+----------+-----------------------------------------+
; Port      ; Type   ; Severity ; Details                                 ;
+-----------+--------+----------+-----------------------------------------+
; carry_out ; Output ; Info     ; Explicitly unconnected                  ;
+-----------+--------+----------+-----------------------------------------+


+-------------------------------------------------------------------------+
; Port Connectivity Checks: "ALU:ALU_inst|add_32:add_32|adder_1b:add_b23" ;
+-----------+--------+----------+-----------------------------------------+
; Port      ; Type   ; Severity ; Details                                 ;
+-----------+--------+----------+-----------------------------------------+
; carry_out ; Output ; Info     ; Explicitly unconnected                  ;
+-----------+--------+----------+-----------------------------------------+


+-------------------------------------------------------------------------+
; Port Connectivity Checks: "ALU:ALU_inst|add_32:add_32|adder_1b:add_b22" ;
+-----------+--------+----------+-----------------------------------------+
; Port      ; Type   ; Severity ; Details                                 ;
+-----------+--------+----------+-----------------------------------------+
; carry_out ; Output ; Info     ; Explicitly unconnected                  ;
+-----------+--------+----------+-----------------------------------------+


+-------------------------------------------------------------------------+
; Port Connectivity Checks: "ALU:ALU_inst|add_32:add_32|adder_1b:add_b21" ;
+-----------+--------+----------+-----------------------------------------+
; Port      ; Type   ; Severity ; Details                                 ;
+-----------+--------+----------+-----------------------------------------+
; carry_out ; Output ; Info     ; Explicitly unconnected                  ;
+-----------+--------+----------+-----------------------------------------+


+-------------------------------------------------------------------------+
; Port Connectivity Checks: "ALU:ALU_inst|add_32:add_32|adder_1b:add_b20" ;
+-----------+--------+----------+-----------------------------------------+
; Port      ; Type   ; Severity ; Details                                 ;
+-----------+--------+----------+-----------------------------------------+
; carry_out ; Output ; Info     ; Explicitly unconnected                  ;
+-----------+--------+----------+-----------------------------------------+


+-------------------------------------------------------------------------+
; Port Connectivity Checks: "ALU:ALU_inst|add_32:add_32|adder_1b:add_b19" ;
+-----------+--------+----------+-----------------------------------------+
; Port      ; Type   ; Severity ; Details                                 ;
+-----------+--------+----------+-----------------------------------------+
; carry_out ; Output ; Info     ; Explicitly unconnected                  ;
+-----------+--------+----------+-----------------------------------------+


+-------------------------------------------------------------------------+
; Port Connectivity Checks: "ALU:ALU_inst|add_32:add_32|adder_1b:add_b18" ;
+-----------+--------+----------+-----------------------------------------+
; Port      ; Type   ; Severity ; Details                                 ;
+-----------+--------+----------+-----------------------------------------+
; carry_out ; Output ; Info     ; Explicitly unconnected                  ;
+-----------+--------+----------+-----------------------------------------+


+-------------------------------------------------------------------------+
; Port Connectivity Checks: "ALU:ALU_inst|add_32:add_32|adder_1b:add_b17" ;
+-----------+--------+----------+-----------------------------------------+
; Port      ; Type   ; Severity ; Details                                 ;
+-----------+--------+----------+-----------------------------------------+
; carry_out ; Output ; Info     ; Explicitly unconnected                  ;
+-----------+--------+----------+-----------------------------------------+


+-------------------------------------------------------------------------+
; Port Connectivity Checks: "ALU:ALU_inst|add_32:add_32|adder_1b:add_b16" ;
+-----------+--------+----------+-----------------------------------------+
; Port      ; Type   ; Severity ; Details                                 ;
+-----------+--------+----------+-----------------------------------------+
; carry_out ; Output ; Info     ; Explicitly unconnected                  ;
+-----------+--------+----------+-----------------------------------------+


+-------------------------------------------------------------------------+
; Port Connectivity Checks: "ALU:ALU_inst|add_32:add_32|adder_1b:add_b15" ;
+-----------+--------+----------+-----------------------------------------+
; Port      ; Type   ; Severity ; Details                                 ;
+-----------+--------+----------+-----------------------------------------+
; carry_out ; Output ; Info     ; Explicitly unconnected                  ;
+-----------+--------+----------+-----------------------------------------+


+-------------------------------------------------------------------------+
; Port Connectivity Checks: "ALU:ALU_inst|add_32:add_32|adder_1b:add_b14" ;
+-----------+--------+----------+-----------------------------------------+
; Port      ; Type   ; Severity ; Details                                 ;
+-----------+--------+----------+-----------------------------------------+
; carry_out ; Output ; Info     ; Explicitly unconnected                  ;
+-----------+--------+----------+-----------------------------------------+


+-------------------------------------------------------------------------+
; Port Connectivity Checks: "ALU:ALU_inst|add_32:add_32|adder_1b:add_b13" ;
+-----------+--------+----------+-----------------------------------------+
; Port      ; Type   ; Severity ; Details                                 ;
+-----------+--------+----------+-----------------------------------------+
; carry_out ; Output ; Info     ; Explicitly unconnected                  ;
+-----------+--------+----------+-----------------------------------------+


+-------------------------------------------------------------------------+
; Port Connectivity Checks: "ALU:ALU_inst|add_32:add_32|adder_1b:add_b12" ;
+-----------+--------+----------+-----------------------------------------+
; Port      ; Type   ; Severity ; Details                                 ;
+-----------+--------+----------+-----------------------------------------+
; carry_out ; Output ; Info     ; Explicitly unconnected                  ;
+-----------+--------+----------+-----------------------------------------+


+-------------------------------------------------------------------------+
; Port Connectivity Checks: "ALU:ALU_inst|add_32:add_32|adder_1b:add_b11" ;
+-----------+--------+----------+-----------------------------------------+
; Port      ; Type   ; Severity ; Details                                 ;
+-----------+--------+----------+-----------------------------------------+
; carry_out ; Output ; Info     ; Explicitly unconnected                  ;
+-----------+--------+----------+-----------------------------------------+


+-------------------------------------------------------------------------+
; Port Connectivity Checks: "ALU:ALU_inst|add_32:add_32|adder_1b:add_b10" ;
+-----------+--------+----------+-----------------------------------------+
; Port      ; Type   ; Severity ; Details                                 ;
+-----------+--------+----------+-----------------------------------------+
; carry_out ; Output ; Info     ; Explicitly unconnected                  ;
+-----------+--------+----------+-----------------------------------------+


+------------------------------------------------------------------------+
; Port Connectivity Checks: "ALU:ALU_inst|add_32:add_32|adder_1b:add_b9" ;
+-----------+--------+----------+----------------------------------------+
; Port      ; Type   ; Severity ; Details                                ;
+-----------+--------+----------+----------------------------------------+
; carry_out ; Output ; Info     ; Explicitly unconnected                 ;
+-----------+--------+----------+----------------------------------------+


+------------------------------------------------------------------------+
; Port Connectivity Checks: "ALU:ALU_inst|add_32:add_32|adder_1b:add_b8" ;
+-----------+--------+----------+----------------------------------------+
; Port      ; Type   ; Severity ; Details                                ;
+-----------+--------+----------+----------------------------------------+
; carry_out ; Output ; Info     ; Explicitly unconnected                 ;
+-----------+--------+----------+----------------------------------------+


+------------------------------------------------------------------------+
; Port Connectivity Checks: "ALU:ALU_inst|add_32:add_32|adder_1b:add_b7" ;
+-----------+--------+----------+----------------------------------------+
; Port      ; Type   ; Severity ; Details                                ;
+-----------+--------+----------+----------------------------------------+
; carry_out ; Output ; Info     ; Explicitly unconnected                 ;
+-----------+--------+----------+----------------------------------------+


+------------------------------------------------------------------------+
; Port Connectivity Checks: "ALU:ALU_inst|add_32:add_32|adder_1b:add_b6" ;
+-----------+--------+----------+----------------------------------------+
; Port      ; Type   ; Severity ; Details                                ;
+-----------+--------+----------+----------------------------------------+
; carry_out ; Output ; Info     ; Explicitly unconnected                 ;
+-----------+--------+----------+----------------------------------------+


+------------------------------------------------------------------------+
; Port Connectivity Checks: "ALU:ALU_inst|add_32:add_32|adder_1b:add_b5" ;
+-----------+--------+----------+----------------------------------------+
; Port      ; Type   ; Severity ; Details                                ;
+-----------+--------+----------+----------------------------------------+
; carry_out ; Output ; Info     ; Explicitly unconnected                 ;
+-----------+--------+----------+----------------------------------------+


+------------------------------------------------------------------------+
; Port Connectivity Checks: "ALU:ALU_inst|add_32:add_32|adder_1b:add_b4" ;
+-----------+--------+----------+----------------------------------------+
; Port      ; Type   ; Severity ; Details                                ;
+-----------+--------+----------+----------------------------------------+
; carry_out ; Output ; Info     ; Explicitly unconnected                 ;
+-----------+--------+----------+----------------------------------------+


+------------------------------------------------------------------------+
; Port Connectivity Checks: "ALU:ALU_inst|add_32:add_32|adder_1b:add_b3" ;
+-----------+--------+----------+----------------------------------------+
; Port      ; Type   ; Severity ; Details                                ;
+-----------+--------+----------+----------------------------------------+
; carry_out ; Output ; Info     ; Explicitly unconnected                 ;
+-----------+--------+----------+----------------------------------------+


+------------------------------------------------------------------------+
; Port Connectivity Checks: "ALU:ALU_inst|add_32:add_32|adder_1b:add_b2" ;
+-----------+--------+----------+----------------------------------------+
; Port      ; Type   ; Severity ; Details                                ;
+-----------+--------+----------+----------------------------------------+
; carry_out ; Output ; Info     ; Explicitly unconnected                 ;
+-----------+--------+----------+----------------------------------------+


+------------------------------------------------------------------------+
; Port Connectivity Checks: "ALU:ALU_inst|add_32:add_32|adder_1b:add_b1" ;
+-----------+--------+----------+----------------------------------------+
; Port      ; Type   ; Severity ; Details                                ;
+-----------+--------+----------+----------------------------------------+
; carry_out ; Output ; Info     ; Explicitly unconnected                 ;
+-----------+--------+----------+----------------------------------------+


+------------------------------------------------------------------------+
; Port Connectivity Checks: "ALU:ALU_inst|add_32:add_32|adder_1b:add_b0" ;
+-----------+--------+----------+----------------------------------------+
; Port      ; Type   ; Severity ; Details                                ;
+-----------+--------+----------+----------------------------------------+
; carry_out ; Output ; Info     ; Explicitly unconnected                 ;
+-----------+--------+----------+----------------------------------------+


+--------------------------------------------------------+
; Port Connectivity Checks: "ALU:ALU_inst|add_32:add_32" ;
+---------+-------+----------+---------------------------+
; Port    ; Type  ; Severity ; Details                   ;
+---------+-------+----------+---------------------------+
; carryin ; Input ; Info     ; Stuck at GND              ;
+---------+-------+----------+---------------------------+


+-------------------------------------------------------------------------------------------------------------------------+
; Port Connectivity Checks: "ALU:ALU_inst"                                                                                ;
+---------------+--------+----------+-------------------------------------------------------------------------------------+
; Port          ; Type   ; Severity ; Details                                                                             ;
+---------------+--------+----------+-------------------------------------------------------------------------------------+
; op_a[31..5]   ; Input  ; Info     ; Stuck at GND                                                                        ;
; op_b[31..5]   ; Input  ; Info     ; Stuck at GND                                                                        ;
; out[31..18]   ; Output ; Info     ; Connected to dangling logic. Logic that only feeds a dangling port will be removed. ;
; op_code[3..0] ; Input  ; Info     ; Stuck at GND                                                                        ;
; op_code[4]    ; Input  ; Info     ; Stuck at VCC                                                                        ;
; flag_carry    ; Output ; Info     ; Explicitly unconnected                                                              ;
; flag_overflow ; Output ; Info     ; Explicitly unconnected                                                              ;
; flag_parity   ; Output ; Info     ; Explicitly unconnected                                                              ;
; flag_neg      ; Output ; Info     ; Explicitly unconnected                                                              ;
+---------------+--------+----------+-------------------------------------------------------------------------------------+


+-----------------------------------------------------+
; Post-Synthesis Netlist Statistics for Top Partition ;
+-----------------------+-----------------------------+
; Type                  ; Count                       ;
+-----------------------+-----------------------------+
; arriav_io_obuf        ; 97                          ;
; arriav_lcell_comb     ; 8                           ;
;     normal            ; 8                           ;
;         0 data inputs ; 1                           ;
;         2 data inputs ; 1                           ;
;         3 data inputs ; 1                           ;
;         4 data inputs ; 1                           ;
;         5 data inputs ; 2                           ;
;         6 data inputs ; 2                           ;
; boundary_port         ; 236                         ;
;                       ;                             ;
; Max LUT depth         ; 2.00                        ;
; Average LUT depth     ; 0.23                        ;
+-----------------------+-----------------------------+


+-------------------------------+
; Elapsed Time Per Partition    ;
+----------------+--------------+
; Partition Name ; Elapsed Time ;
+----------------+--------------+
; Top            ; 00:00:00     ;
+----------------+--------------+


+-------------------------------+
; Analysis & Synthesis Messages ;
+-------------------------------+
Info: *******************************************************************
Info: Running Quartus Prime Analysis & Synthesis
    Info: Version 15.1.0 Build 185 10/21/2015 SJ Lite Edition
    Info: Processing started: Wed Mar 22 21:49:38 2017
Info: Command: quartus_map --read_settings_files=on --write_settings_files=off Fusion-Core-Base -c Fusion-Core-Base
Warning (20028): Parallel compilation is not licensed and has been disabled
Info (12021): Found 1 design units, including 1 entities, in source file /data/fusion-core/fusion-core-base/registerfile.v
    Info (12023): Found entity 1: RegisterFile File: C:/Data/Fusion-Core/Fusion-Core-Base/RegisterFile.v Line: 19
Info (12021): Found 0 design units, including 0 entities, in source file /data/fusion-core/fusion-core-base/gprf_0.v
Info (12021): Found 1 design units, including 1 entities, in source file /data/fusion-core/fusion-core-base/alu.v
    Info (12023): Found entity 1: ALU File: C:/Data/Fusion-Core/Fusion-Core-Base/ALU.v Line: 22
Info (12021): Found 2 design units, including 2 entities, in source file /data/fusion-core/fusion-core-base/add_32.v
    Info (12023): Found entity 1: adder_1b File: C:/Data/Fusion-Core/Fusion-Core-Base/adder_1b.v Line: 19
    Info (12023): Found entity 2: add_32 File: C:/Data/Fusion-Core/Fusion-Core-Base/add_32.v Line: 3
Info (12021): Found 1 design units, including 1 entities, in source file baseline_c5gx.v
    Info (12023): Found entity 1: baseline_c5gx File: C:/Data/Fusion-Core/Fusion-Core-Base/work/baseline_c5gx.v Line: 38
Info (12127): Elaborating entity "baseline_c5gx" for the top level hierarchy
Warning (10034): Output port "HEX2" at baseline_c5gx.v(83) has no driver File: C:/Data/Fusion-Core/Fusion-Core-Base/work/baseline_c5gx.v Line: 83
Warning (10034): Output port "HEX3" at baseline_c5gx.v(86) has no driver File: C:/Data/Fusion-Core/Fusion-Core-Base/work/baseline_c5gx.v Line: 86
Warning (10034): Output port "HDMI_TX_D" at baseline_c5gx.v(93) has no driver File: C:/Data/Fusion-Core/Fusion-Core-Base/work/baseline_c5gx.v Line: 93
Warning (10034): Output port "HEX0" at baseline_c5gx.v(100) has no driver File: C:/Data/Fusion-Core/Fusion-Core-Base/work/baseline_c5gx.v Line: 100
Warning (10034): Output port "HEX1" at baseline_c5gx.v(103) has no driver File: C:/Data/Fusion-Core/Fusion-Core-Base/work/baseline_c5gx.v Line: 103
Warning (10034): Output port "HSMC_CLKOUT_n" at baseline_c5gx.v(111) has no driver File: C:/Data/Fusion-Core/Fusion-Core-Base/work/baseline_c5gx.v Line: 111
Warning (10034): Output port "HSMC_CLKOUT_p" at baseline_c5gx.v(112) has no driver File: C:/Data/Fusion-Core/Fusion-Core-Base/work/baseline_c5gx.v Line: 112
Warning (10034): Output port "SRAM_A" at baseline_c5gx.v(155) has no driver File: C:/Data/Fusion-Core/Fusion-Core-Base/work/baseline_c5gx.v Line: 155
Warning (10034): Output port "ADC_CONVST" at baseline_c5gx.v(41) has no driver File: C:/Data/Fusion-Core/Fusion-Core-Base/work/baseline_c5gx.v Line: 41
Warning (10034): Output port "ADC_SCK" at baseline_c5gx.v(42) has no driver File: C:/Data/Fusion-Core/Fusion-Core-Base/work/baseline_c5gx.v Line: 42
Warning (10034): Output port "ADC_SDI" at baseline_c5gx.v(43) has no driver File: C:/Data/Fusion-Core/Fusion-Core-Base/work/baseline_c5gx.v Line: 43
Warning (10034): Output port "AUD_DACDAT" at baseline_c5gx.v(50) has no driver File: C:/Data/Fusion-Core/Fusion-Core-Base/work/baseline_c5gx.v Line: 50
Warning (10034): Output port "AUD_XCK" at baseline_c5gx.v(52) has no driver File: C:/Data/Fusion-Core/Fusion-Core-Base/work/baseline_c5gx.v Line: 52
Warning (10034): Output port "HDMI_TX_CLK" at baseline_c5gx.v(92) has no driver File: C:/Data/Fusion-Core/Fusion-Core-Base/work/baseline_c5gx.v Line: 92
Warning (10034): Output port "HDMI_TX_DE" at baseline_c5gx.v(94) has no driver File: C:/Data/Fusion-Core/Fusion-Core-Base/work/baseline_c5gx.v Line: 94
Warning (10034): Output port "HDMI_TX_HS" at baseline_c5gx.v(95) has no driver File: C:/Data/Fusion-Core/Fusion-Core-Base/work/baseline_c5gx.v Line: 95
Warning (10034): Output port "HDMI_TX_VS" at baseline_c5gx.v(97) has no driver File: C:/Data/Fusion-Core/Fusion-Core-Base/work/baseline_c5gx.v Line: 97
Warning (10034): Output port "HSMC_CLKOUT0" at baseline_c5gx.v(110) has no driver File: C:/Data/Fusion-Core/Fusion-Core-Base/work/baseline_c5gx.v Line: 110
Warning (10034): Output port "I2C_SCL" at baseline_c5gx.v(125) has no driver File: C:/Data/Fusion-Core/Fusion-Core-Base/work/baseline_c5gx.v Line: 125
Warning (10034): Output port "SD_CLK" at baseline_c5gx.v(144) has no driver File: C:/Data/Fusion-Core/Fusion-Core-Base/work/baseline_c5gx.v Line: 144
Warning (10034): Output port "SRAM_CE_n" at baseline_c5gx.v(156) has no driver File: C:/Data/Fusion-Core/Fusion-Core-Base/work/baseline_c5gx.v Line: 156
Warning (10034): Output port "SRAM_LB_n" at baseline_c5gx.v(158) has no driver File: C:/Data/Fusion-Core/Fusion-Core-Base/work/baseline_c5gx.v Line: 158
Warning (10034): Output port "SRAM_OE_n" at baseline_c5gx.v(159) has no driver File: C:/Data/Fusion-Core/Fusion-Core-Base/work/baseline_c5gx.v Line: 159
Warning (10034): Output port "SRAM_UB_n" at baseline_c5gx.v(160) has no driver File: C:/Data/Fusion-Core/Fusion-Core-Base/work/baseline_c5gx.v Line: 160
Warning (10034): Output port "SRAM_WE_n" at baseline_c5gx.v(161) has no driver File: C:/Data/Fusion-Core/Fusion-Core-Base/work/baseline_c5gx.v Line: 161
Warning (10034): Output port "UART_TX" at baseline_c5gx.v(171) has no driver File: C:/Data/Fusion-Core/Fusion-Core-Base/work/baseline_c5gx.v Line: 171
Info (12128): Elaborating entity "ALU" for hierarchy "ALU:ALU_inst" File: C:/Data/Fusion-Core/Fusion-Core-Base/work/baseline_c5gx.v Line: 192
Warning (10858): Verilog HDL warning at ALU.v(44): object w_and used but never assigned File: C:/Data/Fusion-Core/Fusion-Core-Base/ALU.v Line: 44
Warning (10858): Verilog HDL warning at ALU.v(45): object w_or used but never assigned File: C:/Data/Fusion-Core/Fusion-Core-Base/ALU.v Line: 45
Warning (10858): Verilog HDL warning at ALU.v(46): object w_xor used but never assigned File: C:/Data/Fusion-Core/Fusion-Core-Base/ALU.v Line: 46
Warning (10858): Verilog HDL warning at ALU.v(47): object w_not used but never assigned File: C:/Data/Fusion-Core/Fusion-Core-Base/ALU.v Line: 47
Warning (10858): Verilog HDL warning at ALU.v(48): object w_shl used but never assigned File: C:/Data/Fusion-Core/Fusion-Core-Base/ALU.v Line: 48
Warning (10858): Verilog HDL warning at ALU.v(49): object w_shr used but never assigned File: C:/Data/Fusion-Core/Fusion-Core-Base/ALU.v Line: 49
Warning (10858): Verilog HDL warning at ALU.v(50): object w_scl used but never assigned File: C:/Data/Fusion-Core/Fusion-Core-Base/ALU.v Line: 50
Warning (10858): Verilog HDL warning at ALU.v(51): object w_scr used but never assigned File: C:/Data/Fusion-Core/Fusion-Core-Base/ALU.v Line: 51
Warning (10858): Verilog HDL warning at ALU.v(52): object w_slt used but never assigned File: C:/Data/Fusion-Core/Fusion-Core-Base/ALU.v Line: 52
Warning (10858): Verilog HDL warning at ALU.v(55): object w_inc used but never assigned File: C:/Data/Fusion-Core/Fusion-Core-Base/ALU.v Line: 55
Warning (10858): Verilog HDL warning at ALU.v(56): object w_dec used but never assigned File: C:/Data/Fusion-Core/Fusion-Core-Base/ALU.v Line: 56
Warning (10240): Verilog HDL Always Construct warning at ALU.v(86): inferring latch(es) for variable "flag_carry", which holds its previous value in one or more paths through the always construct File: C:/Data/Fusion-Core/Fusion-Core-Base/ALU.v Line: 86
Warning (10030): Net "w_and" at ALU.v(44) has no driver or initial value, using a default initial value '0' File: C:/Data/Fusion-Core/Fusion-Core-Base/ALU.v Line: 44
Warning (10030): Net "w_or" at ALU.v(45) has no driver or initial value, using a default initial value '0' File: C:/Data/Fusion-Core/Fusion-Core-Base/ALU.v Line: 45
Warning (10030): Net "w_xor" at ALU.v(46) has no driver or initial value, using a default initial value '0' File: C:/Data/Fusion-Core/Fusion-Core-Base/ALU.v Line: 46
Warning (10030): Net "w_not" at ALU.v(47) has no driver or initial value, using a default initial value '0' File: C:/Data/Fusion-Core/Fusion-Core-Base/ALU.v Line: 47
Warning (10030): Net "w_shl" at ALU.v(48) has no driver or initial value, using a default initial value '0' File: C:/Data/Fusion-Core/Fusion-Core-Base/ALU.v Line: 48
Warning (10030): Net "w_shr" at ALU.v(49) has no driver or initial value, using a default initial value '0' File: C:/Data/Fusion-Core/Fusion-Core-Base/ALU.v Line: 49
Warning (10030): Net "w_scl" at ALU.v(50) has no driver or initial value, using a default initial value '0' File: C:/Data/Fusion-Core/Fusion-Core-Base/ALU.v Line: 50
Warning (10030): Net "w_scr" at ALU.v(51) has no driver or initial value, using a default initial value '0' File: C:/Data/Fusion-Core/Fusion-Core-Base/ALU.v Line: 51
Warning (10030): Net "w_slt" at ALU.v(52) has no driver or initial value, using a default initial value '0' File: C:/Data/Fusion-Core/Fusion-Core-Base/ALU.v Line: 52
Warning (10030): Net "w_inc" at ALU.v(55) has no driver or initial value, using a default initial value '0' File: C:/Data/Fusion-Core/Fusion-Core-Base/ALU.v Line: 55
Warning (10030): Net "w_dec" at ALU.v(56) has no driver or initial value, using a default initial value '0' File: C:/Data/Fusion-Core/Fusion-Core-Base/ALU.v Line: 56
Warning (10034): Output port "flag_overflow" at ALU.v(37) has no driver File: C:/Data/Fusion-Core/Fusion-Core-Base/ALU.v Line: 37
Warning (10034): Output port "flag_parity" at ALU.v(38) has no driver File: C:/Data/Fusion-Core/Fusion-Core-Base/ALU.v Line: 38
Warning (10034): Output port "flag_neg" at ALU.v(39) has no driver File: C:/Data/Fusion-Core/Fusion-Core-Base/ALU.v Line: 39
Info (10041): Inferred latch for "flag_carry" at ALU.v(86) File: C:/Data/Fusion-Core/Fusion-Core-Base/ALU.v Line: 86
Info (12128): Elaborating entity "add_32" for hierarchy "ALU:ALU_inst|add_32:add_32" File: C:/Data/Fusion-Core/Fusion-Core-Base/ALU.v Line: 71
Warning (10027): Verilog HDL or VHDL warning at the add_32.v(189): index expression is not wide enough to address all of the elements in the array File: C:/Data/Fusion-Core/Fusion-Core-Base/add_32.v Line: 189
Warning (10027): Verilog HDL or VHDL warning at the add_32.v(203): index expression is not wide enough to address all of the elements in the array File: C:/Data/Fusion-Core/Fusion-Core-Base/add_32.v Line: 203
Warning (10027): Verilog HDL or VHDL warning at the add_32.v(218): index expression is not wide enough to address all of the elements in the array File: C:/Data/Fusion-Core/Fusion-Core-Base/add_32.v Line: 218
Warning (10027): Verilog HDL or VHDL warning at the add_32.v(234): index expression is not wide enough to address all of the elements in the array File: C:/Data/Fusion-Core/Fusion-Core-Base/add_32.v Line: 234
Warning (10027): Verilog HDL or VHDL warning at the add_32.v(251): index expression is not wide enough to address all of the elements in the array File: C:/Data/Fusion-Core/Fusion-Core-Base/add_32.v Line: 251
Warning (10027): Verilog HDL or VHDL warning at the add_32.v(269): index expression is not wide enough to address all of the elements in the array File: C:/Data/Fusion-Core/Fusion-Core-Base/add_32.v Line: 269
Warning (10027): Verilog HDL or VHDL warning at the add_32.v(288): index expression is not wide enough to address all of the elements in the array File: C:/Data/Fusion-Core/Fusion-Core-Base/add_32.v Line: 288
Warning (10027): Verilog HDL or VHDL warning at the add_32.v(309): index expression is not wide enough to address all of the elements in the array File: C:/Data/Fusion-Core/Fusion-Core-Base/add_32.v Line: 309
Warning (10027): Verilog HDL or VHDL warning at the add_32.v(330): index expression is not wide enough to address all of the elements in the array File: C:/Data/Fusion-Core/Fusion-Core-Base/add_32.v Line: 330
Warning (10027): Verilog HDL or VHDL warning at the add_32.v(353): index expression is not wide enough to address all of the elements in the array File: C:/Data/Fusion-Core/Fusion-Core-Base/add_32.v Line: 353
Warning (10027): Verilog HDL or VHDL warning at the add_32.v(377): index expression is not wide enough to address all of the elements in the array File: C:/Data/Fusion-Core/Fusion-Core-Base/add_32.v Line: 377
Warning (10027): Verilog HDL or VHDL warning at the add_32.v(402): index expression is not wide enough to address all of the elements in the array File: C:/Data/Fusion-Core/Fusion-Core-Base/add_32.v Line: 402
Warning (10027): Verilog HDL or VHDL warning at the add_32.v(428): index expression is not wide enough to address all of the elements in the array File: C:/Data/Fusion-Core/Fusion-Core-Base/add_32.v Line: 428
Warning (10027): Verilog HDL or VHDL warning at the add_32.v(455): index expression is not wide enough to address all of the elements in the array File: C:/Data/Fusion-Core/Fusion-Core-Base/add_32.v Line: 455
Warning (10027): Verilog HDL or VHDL warning at the add_32.v(482): index expression is not wide enough to address all of the elements in the array File: C:/Data/Fusion-Core/Fusion-Core-Base/add_32.v Line: 482
Warning (10027): Verilog HDL or VHDL warning at the add_32.v(510): index expression is not wide enough to address all of the elements in the array File: C:/Data/Fusion-Core/Fusion-Core-Base/add_32.v Line: 510
Info (12128): Elaborating entity "adder_1b" for hierarchy "ALU:ALU_inst|add_32:add_32|adder_1b:add_b0" File: C:/Data/Fusion-Core/Fusion-Core-Base/add_32.v Line: 582
Warning (13039): The following bidirectional pins have no drivers
    Warning (13040): bidirectional pin "AUD_ADCLRCK" has no driver File: C:/Data/Fusion-Core/Fusion-Core-Base/work/baseline_c5gx.v Line: 48
    Warning (13040): bidirectional pin "AUD_BCLK" has no driver File: C:/Data/Fusion-Core/Fusion-Core-Base/work/baseline_c5gx.v Line: 49
    Warning (13040): bidirectional pin "AUD_DACLRCK" has no driver File: C:/Data/Fusion-Core/Fusion-Core-Base/work/baseline_c5gx.v Line: 51
    Warning (13040): bidirectional pin "HSMC_D[0]" has no driver File: C:/Data/Fusion-Core/Fusion-Core-Base/work/baseline_c5gx.v Line: 113
    Warning (13040): bidirectional pin "HSMC_D[1]" has no driver File: C:/Data/Fusion-Core/Fusion-Core-Base/work/baseline_c5gx.v Line: 113
    Warning (13040): bidirectional pin "HSMC_D[2]" has no driver File: C:/Data/Fusion-Core/Fusion-Core-Base/work/baseline_c5gx.v Line: 113
    Warning (13040): bidirectional pin "HSMC_D[3]" has no driver File: C:/Data/Fusion-Core/Fusion-Core-Base/work/baseline_c5gx.v Line: 113
    Warning (13040): bidirectional pin "HSMC_RX_n[0]" has no driver File: C:/Data/Fusion-Core/Fusion-Core-Base/work/baseline_c5gx.v Line: 118
    Warning (13040): bidirectional pin "HSMC_RX_n[1]" has no driver File: C:/Data/Fusion-Core/Fusion-Core-Base/work/baseline_c5gx.v Line: 118
    Warning (13040): bidirectional pin "HSMC_RX_n[2]" has no driver File: C:/Data/Fusion-Core/Fusion-Core-Base/work/baseline_c5gx.v Line: 118
    Warning (13040): bidirectional pin "HSMC_RX_n[3]" has no driver File: C:/Data/Fusion-Core/Fusion-Core-Base/work/baseline_c5gx.v Line: 118
    Warning (13040): bidirectional pin "HSMC_RX_n[4]" has no driver File: C:/Data/Fusion-Core/Fusion-Core-Base/work/baseline_c5gx.v Line: 118
    Warning (13040): bidirectional pin "HSMC_RX_n[5]" has no driver File: C:/Data/Fusion-Core/Fusion-Core-Base/work/baseline_c5gx.v Line: 118
    Warning (13040): bidirectional pin "HSMC_RX_n[6]" has no driver File: C:/Data/Fusion-Core/Fusion-Core-Base/work/baseline_c5gx.v Line: 118
    Warning (13040): bidirectional pin "HSMC_RX_n[7]" has no driver File: C:/Data/Fusion-Core/Fusion-Core-Base/work/baseline_c5gx.v Line: 118
    Warning (13040): bidirectional pin "HSMC_RX_n[8]" has no driver File: C:/Data/Fusion-Core/Fusion-Core-Base/work/baseline_c5gx.v Line: 118
    Warning (13040): bidirectional pin "HSMC_RX_n[9]" has no driver File: C:/Data/Fusion-Core/Fusion-Core-Base/work/baseline_c5gx.v Line: 118
    Warning (13040): bidirectional pin "HSMC_RX_n[10]" has no driver File: C:/Data/Fusion-Core/Fusion-Core-Base/work/baseline_c5gx.v Line: 118
    Warning (13040): bidirectional pin "HSMC_RX_n[11]" has no driver File: C:/Data/Fusion-Core/Fusion-Core-Base/work/baseline_c5gx.v Line: 118
    Warning (13040): bidirectional pin "HSMC_RX_n[12]" has no driver File: C:/Data/Fusion-Core/Fusion-Core-Base/work/baseline_c5gx.v Line: 118
    Warning (13040): bidirectional pin "HSMC_RX_n[13]" has no driver File: C:/Data/Fusion-Core/Fusion-Core-Base/work/baseline_c5gx.v Line: 118
    Warning (13040): bidirectional pin "HSMC_RX_n[14]" has no driver File: C:/Data/Fusion-Core/Fusion-Core-Base/work/baseline_c5gx.v Line: 118
    Warning (13040): bidirectional pin "HSMC_RX_n[15]" has no driver File: C:/Data/Fusion-Core/Fusion-Core-Base/work/baseline_c5gx.v Line: 118
    Warning (13040): bidirectional pin "HSMC_RX_n[16]" has no driver File: C:/Data/Fusion-Core/Fusion-Core-Base/work/baseline_c5gx.v Line: 118
    Warning (13040): bidirectional pin "HSMC_RX_p[0]" has no driver File: C:/Data/Fusion-Core/Fusion-Core-Base/work/baseline_c5gx.v Line: 119
    Warning (13040): bidirectional pin "HSMC_RX_p[1]" has no driver File: C:/Data/Fusion-Core/Fusion-Core-Base/work/baseline_c5gx.v Line: 119
    Warning (13040): bidirectional pin "HSMC_RX_p[2]" has no driver File: C:/Data/Fusion-Core/Fusion-Core-Base/work/baseline_c5gx.v Line: 119
    Warning (13040): bidirectional pin "HSMC_RX_p[3]" has no driver File: C:/Data/Fusion-Core/Fusion-Core-Base/work/baseline_c5gx.v Line: 119
    Warning (13040): bidirectional pin "HSMC_RX_p[4]" has no driver File: C:/Data/Fusion-Core/Fusion-Core-Base/work/baseline_c5gx.v Line: 119
    Warning (13040): bidirectional pin "HSMC_RX_p[5]" has no driver File: C:/Data/Fusion-Core/Fusion-Core-Base/work/baseline_c5gx.v Line: 119
    Warning (13040): bidirectional pin "HSMC_RX_p[6]" has no driver File: C:/Data/Fusion-Core/Fusion-Core-Base/work/baseline_c5gx.v Line: 119
    Warning (13040): bidirectional pin "HSMC_RX_p[7]" has no driver File: C:/Data/Fusion-Core/Fusion-Core-Base/work/baseline_c5gx.v Line: 119
    Warning (13040): bidirectional pin "HSMC_RX_p[8]" has no driver File: C:/Data/Fusion-Core/Fusion-Core-Base/work/baseline_c5gx.v Line: 119
    Warning (13040): bidirectional pin "HSMC_RX_p[9]" has no driver File: C:/Data/Fusion-Core/Fusion-Core-Base/work/baseline_c5gx.v Line: 119
    Warning (13040): bidirectional pin "HSMC_RX_p[10]" has no driver File: C:/Data/Fusion-Core/Fusion-Core-Base/work/baseline_c5gx.v Line: 119
    Warning (13040): bidirectional pin "HSMC_RX_p[11]" has no driver File: C:/Data/Fusion-Core/Fusion-Core-Base/work/baseline_c5gx.v Line: 119
    Warning (13040): bidirectional pin "HSMC_RX_p[12]" has no driver File: C:/Data/Fusion-Core/Fusion-Core-Base/work/baseline_c5gx.v Line: 119
    Warning (13040): bidirectional pin "HSMC_RX_p[13]" has no driver File: C:/Data/Fusion-Core/Fusion-Core-Base/work/baseline_c5gx.v Line: 119
    Warning (13040): bidirectional pin "HSMC_RX_p[14]" has no driver File: C:/Data/Fusion-Core/Fusion-Core-Base/work/baseline_c5gx.v Line: 119
    Warning (13040): bidirectional pin "HSMC_RX_p[15]" has no driver File: C:/Data/Fusion-Core/Fusion-Core-Base/work/baseline_c5gx.v Line: 119
    Warning (13040): bidirectional pin "HSMC_RX_p[16]" has no driver File: C:/Data/Fusion-Core/Fusion-Core-Base/work/baseline_c5gx.v Line: 119
    Warning (13040): bidirectional pin "HSMC_TX_n[0]" has no driver File: C:/Data/Fusion-Core/Fusion-Core-Base/work/baseline_c5gx.v Line: 120
    Warning (13040): bidirectional pin "HSMC_TX_n[1]" has no driver File: C:/Data/Fusion-Core/Fusion-Core-Base/work/baseline_c5gx.v Line: 120
    Warning (13040): bidirectional pin "HSMC_TX_n[2]" has no driver File: C:/Data/Fusion-Core/Fusion-Core-Base/work/baseline_c5gx.v Line: 120
    Warning (13040): bidirectional pin "HSMC_TX_n[3]" has no driver File: C:/Data/Fusion-Core/Fusion-Core-Base/work/baseline_c5gx.v Line: 120
    Warning (13040): bidirectional pin "HSMC_TX_n[4]" has no driver File: C:/Data/Fusion-Core/Fusion-Core-Base/work/baseline_c5gx.v Line: 120
    Warning (13040): bidirectional pin "HSMC_TX_n[5]" has no driver File: C:/Data/Fusion-Core/Fusion-Core-Base/work/baseline_c5gx.v Line: 120
    Warning (13040): bidirectional pin "HSMC_TX_n[6]" has no driver File: C:/Data/Fusion-Core/Fusion-Core-Base/work/baseline_c5gx.v Line: 120
    Warning (13040): bidirectional pin "HSMC_TX_n[7]" has no driver File: C:/Data/Fusion-Core/Fusion-Core-Base/work/baseline_c5gx.v Line: 120
    Warning (13040): bidirectional pin "HSMC_TX_n[8]" has no driver File: C:/Data/Fusion-Core/Fusion-Core-Base/work/baseline_c5gx.v Line: 120
    Warning (13040): bidirectional pin "HSMC_TX_n[9]" has no driver File: C:/Data/Fusion-Core/Fusion-Core-Base/work/baseline_c5gx.v Line: 120
    Warning (13040): bidirectional pin "HSMC_TX_n[10]" has no driver File: C:/Data/Fusion-Core/Fusion-Core-Base/work/baseline_c5gx.v Line: 120
    Warning (13040): bidirectional pin "HSMC_TX_n[11]" has no driver File: C:/Data/Fusion-Core/Fusion-Core-Base/work/baseline_c5gx.v Line: 120
    Warning (13040): bidirectional pin "HSMC_TX_n[12]" has no driver File: C:/Data/Fusion-Core/Fusion-Core-Base/work/baseline_c5gx.v Line: 120
    Warning (13040): bidirectional pin "HSMC_TX_n[13]" has no driver File: C:/Data/Fusion-Core/Fusion-Core-Base/work/baseline_c5gx.v Line: 120
    Warning (13040): bidirectional pin "HSMC_TX_n[14]" has no driver File: C:/Data/Fusion-Core/Fusion-Core-Base/work/baseline_c5gx.v Line: 120
    Warning (13040): bidirectional pin "HSMC_TX_n[15]" has no driver File: C:/Data/Fusion-Core/Fusion-Core-Base/work/baseline_c5gx.v Line: 120
    Warning (13040): bidirectional pin "HSMC_TX_n[16]" has no driver File: C:/Data/Fusion-Core/Fusion-Core-Base/work/baseline_c5gx.v Line: 120
    Warning (13040): bidirectional pin "HSMC_TX_p[0]" has no driver File: C:/Data/Fusion-Core/Fusion-Core-Base/work/baseline_c5gx.v Line: 121
    Warning (13040): bidirectional pin "HSMC_TX_p[1]" has no driver File: C:/Data/Fusion-Core/Fusion-Core-Base/work/baseline_c5gx.v Line: 121
    Warning (13040): bidirectional pin "HSMC_TX_p[2]" has no driver File: C:/Data/Fusion-Core/Fusion-Core-Base/work/baseline_c5gx.v Line: 121
    Warning (13040): bidirectional pin "HSMC_TX_p[3]" has no driver File: C:/Data/Fusion-Core/Fusion-Core-Base/work/baseline_c5gx.v Line: 121
    Warning (13040): bidirectional pin "HSMC_TX_p[4]" has no driver File: C:/Data/Fusion-Core/Fusion-Core-Base/work/baseline_c5gx.v Line: 121
    Warning (13040): bidirectional pin "HSMC_TX_p[5]" has no driver File: C:/Data/Fusion-Core/Fusion-Core-Base/work/baseline_c5gx.v Line: 121
    Warning (13040): bidirectional pin "HSMC_TX_p[6]" has no driver File: C:/Data/Fusion-Core/Fusion-Core-Base/work/baseline_c5gx.v Line: 121
    Warning (13040): bidirectional pin "HSMC_TX_p[7]" has no driver File: C:/Data/Fusion-Core/Fusion-Core-Base/work/baseline_c5gx.v Line: 121
    Warning (13040): bidirectional pin "HSMC_TX_p[8]" has no driver File: C:/Data/Fusion-Core/Fusion-Core-Base/work/baseline_c5gx.v Line: 121
    Warning (13040): bidirectional pin "HSMC_TX_p[9]" has no driver File: C:/Data/Fusion-Core/Fusion-Core-Base/work/baseline_c5gx.v Line: 121
    Warning (13040): bidirectional pin "HSMC_TX_p[10]" has no driver File: C:/Data/Fusion-Core/Fusion-Core-Base/work/baseline_c5gx.v Line: 121
    Warning (13040): bidirectional pin "HSMC_TX_p[11]" has no driver File: C:/Data/Fusion-Core/Fusion-Core-Base/work/baseline_c5gx.v Line: 121
    Warning (13040): bidirectional pin "HSMC_TX_p[12]" has no driver File: C:/Data/Fusion-Core/Fusion-Core-Base/work/baseline_c5gx.v Line: 121
    Warning (13040): bidirectional pin "HSMC_TX_p[13]" has no driver File: C:/Data/Fusion-Core/Fusion-Core-Base/work/baseline_c5gx.v Line: 121
    Warning (13040): bidirectional pin "HSMC_TX_p[14]" has no driver File: C:/Data/Fusion-Core/Fusion-Core-Base/work/baseline_c5gx.v Line: 121
    Warning (13040): bidirectional pin "HSMC_TX_p[15]" has no driver File: C:/Data/Fusion-Core/Fusion-Core-Base/work/baseline_c5gx.v Line: 121
    Warning (13040): bidirectional pin "HSMC_TX_p[16]" has no driver File: C:/Data/Fusion-Core/Fusion-Core-Base/work/baseline_c5gx.v Line: 121
    Warning (13040): bidirectional pin "I2C_SDA" has no driver File: C:/Data/Fusion-Core/Fusion-Core-Base/work/baseline_c5gx.v Line: 126
    Warning (13040): bidirectional pin "SD_CMD" has no driver File: C:/Data/Fusion-Core/Fusion-Core-Base/work/baseline_c5gx.v Line: 145
    Warning (13040): bidirectional pin "SD_DAT[0]" has no driver File: C:/Data/Fusion-Core/Fusion-Core-Base/work/baseline_c5gx.v Line: 146
    Warning (13040): bidirectional pin "SD_DAT[1]" has no driver File: C:/Data/Fusion-Core/Fusion-Core-Base/work/baseline_c5gx.v Line: 146
    Warning (13040): bidirectional pin "SD_DAT[2]" has no driver File: C:/Data/Fusion-Core/Fusion-Core-Base/work/baseline_c5gx.v Line: 146
    Warning (13040): bidirectional pin "SD_DAT[3]" has no driver File: C:/Data/Fusion-Core/Fusion-Core-Base/work/baseline_c5gx.v Line: 146
    Warning (13040): bidirectional pin "SRAM_D[0]" has no driver File: C:/Data/Fusion-Core/Fusion-Core-Base/work/baseline_c5gx.v Line: 157
    Warning (13040): bidirectional pin "SRAM_D[1]" has no driver File: C:/Data/Fusion-Core/Fusion-Core-Base/work/baseline_c5gx.v Line: 157
    Warning (13040): bidirectional pin "SRAM_D[2]" has no driver File: C:/Data/Fusion-Core/Fusion-Core-Base/work/baseline_c5gx.v Line: 157
    Warning (13040): bidirectional pin "SRAM_D[3]" has no driver File: C:/Data/Fusion-Core/Fusion-Core-Base/work/baseline_c5gx.v Line: 157
    Warning (13040): bidirectional pin "SRAM_D[4]" has no driver File: C:/Data/Fusion-Core/Fusion-Core-Base/work/baseline_c5gx.v Line: 157
    Warning (13040): bidirectional pin "SRAM_D[5]" has no driver File: C:/Data/Fusion-Core/Fusion-Core-Base/work/baseline_c5gx.v Line: 157
    Warning (13040): bidirectional pin "SRAM_D[6]" has no driver File: C:/Data/Fusion-Core/Fusion-Core-Base/work/baseline_c5gx.v Line: 157
    Warning (13040): bidirectional pin "SRAM_D[7]" has no driver File: C:/Data/Fusion-Core/Fusion-Core-Base/work/baseline_c5gx.v Line: 157
    Warning (13040): bidirectional pin "SRAM_D[8]" has no driver File: C:/Data/Fusion-Core/Fusion-Core-Base/work/baseline_c5gx.v Line: 157
    Warning (13040): bidirectional pin "SRAM_D[9]" has no driver File: C:/Data/Fusion-Core/Fusion-Core-Base/work/baseline_c5gx.v Line: 157
    Warning (13040): bidirectional pin "SRAM_D[10]" has no driver File: C:/Data/Fusion-Core/Fusion-Core-Base/work/baseline_c5gx.v Line: 157
    Warning (13040): bidirectional pin "SRAM_D[11]" has no driver File: C:/Data/Fusion-Core/Fusion-Core-Base/work/baseline_c5gx.v Line: 157
    Warning (13040): bidirectional pin "SRAM_D[12]" has no driver File: C:/Data/Fusion-Core/Fusion-Core-Base/work/baseline_c5gx.v Line: 157
    Warning (13040): bidirectional pin "SRAM_D[13]" has no driver File: C:/Data/Fusion-Core/Fusion-Core-Base/work/baseline_c5gx.v Line: 157
    Warning (13040): bidirectional pin "SRAM_D[14]" has no driver File: C:/Data/Fusion-Core/Fusion-Core-Base/work/baseline_c5gx.v Line: 157
    Warning (13040): bidirectional pin "SRAM_D[15]" has no driver File: C:/Data/Fusion-Core/Fusion-Core-Base/work/baseline_c5gx.v Line: 157
Warning (13024): Output pins are stuck at VCC or GND
    Warning (13410): Pin "ADC_CONVST" is stuck at GND File: C:/Data/Fusion-Core/Fusion-Core-Base/work/baseline_c5gx.v Line: 41
    Warning (13410): Pin "ADC_SCK" is stuck at GND File: C:/Data/Fusion-Core/Fusion-Core-Base/work/baseline_c5gx.v Line: 42
    Warning (13410): Pin "ADC_SDI" is stuck at GND File: C:/Data/Fusion-Core/Fusion-Core-Base/work/baseline_c5gx.v Line: 43
    Warning (13410): Pin "AUD_DACDAT" is stuck at GND File: C:/Data/Fusion-Core/Fusion-Core-Base/work/baseline_c5gx.v Line: 50
    Warning (13410): Pin "AUD_XCK" is stuck at GND File: C:/Data/Fusion-Core/Fusion-Core-Base/work/baseline_c5gx.v Line: 52
    Warning (13410): Pin "HEX2[0]" is stuck at GND File: C:/Data/Fusion-Core/Fusion-Core-Base/work/baseline_c5gx.v Line: 83
    Warning (13410): Pin "HEX2[1]" is stuck at GND File: C:/Data/Fusion-Core/Fusion-Core-Base/work/baseline_c5gx.v Line: 83
    Warning (13410): Pin "HEX2[2]" is stuck at GND File: C:/Data/Fusion-Core/Fusion-Core-Base/work/baseline_c5gx.v Line: 83
    Warning (13410): Pin "HEX2[3]" is stuck at GND File: C:/Data/Fusion-Core/Fusion-Core-Base/work/baseline_c5gx.v Line: 83
    Warning (13410): Pin "HEX2[4]" is stuck at GND File: C:/Data/Fusion-Core/Fusion-Core-Base/work/baseline_c5gx.v Line: 83
    Warning (13410): Pin "HEX2[5]" is stuck at GND File: C:/Data/Fusion-Core/Fusion-Core-Base/work/baseline_c5gx.v Line: 83
    Warning (13410): Pin "HEX2[6]" is stuck at GND File: C:/Data/Fusion-Core/Fusion-Core-Base/work/baseline_c5gx.v Line: 83
    Warning (13410): Pin "HEX3[0]" is stuck at GND File: C:/Data/Fusion-Core/Fusion-Core-Base/work/baseline_c5gx.v Line: 86
    Warning (13410): Pin "HEX3[1]" is stuck at GND File: C:/Data/Fusion-Core/Fusion-Core-Base/work/baseline_c5gx.v Line: 86
    Warning (13410): Pin "HEX3[2]" is stuck at GND File: C:/Data/Fusion-Core/Fusion-Core-Base/work/baseline_c5gx.v Line: 86
    Warning (13410): Pin "HEX3[3]" is stuck at GND File: C:/Data/Fusion-Core/Fusion-Core-Base/work/baseline_c5gx.v Line: 86
    Warning (13410): Pin "HEX3[4]" is stuck at GND File: C:/Data/Fusion-Core/Fusion-Core-Base/work/baseline_c5gx.v Line: 86
    Warning (13410): Pin "HEX3[5]" is stuck at GND File: C:/Data/Fusion-Core/Fusion-Core-Base/work/baseline_c5gx.v Line: 86
    Warning (13410): Pin "HEX3[6]" is stuck at GND File: C:/Data/Fusion-Core/Fusion-Core-Base/work/baseline_c5gx.v Line: 86
    Warning (13410): Pin "HDMI_TX_CLK" is stuck at GND File: C:/Data/Fusion-Core/Fusion-Core-Base/work/baseline_c5gx.v Line: 92
    Warning (13410): Pin "HDMI_TX_D[0]" is stuck at GND File: C:/Data/Fusion-Core/Fusion-Core-Base/work/baseline_c5gx.v Line: 93
    Warning (13410): Pin "HDMI_TX_D[1]" is stuck at GND File: C:/Data/Fusion-Core/Fusion-Core-Base/work/baseline_c5gx.v Line: 93
    Warning (13410): Pin "HDMI_TX_D[2]" is stuck at GND File: C:/Data/Fusion-Core/Fusion-Core-Base/work/baseline_c5gx.v Line: 93
    Warning (13410): Pin "HDMI_TX_D[3]" is stuck at GND File: C:/Data/Fusion-Core/Fusion-Core-Base/work/baseline_c5gx.v Line: 93
    Warning (13410): Pin "HDMI_TX_D[4]" is stuck at GND File: C:/Data/Fusion-Core/Fusion-Core-Base/work/baseline_c5gx.v Line: 93
    Warning (13410): Pin "HDMI_TX_D[5]" is stuck at GND File: C:/Data/Fusion-Core/Fusion-Core-Base/work/baseline_c5gx.v Line: 93
    Warning (13410): Pin "HDMI_TX_D[6]" is stuck at GND File: C:/Data/Fusion-Core/Fusion-Core-Base/work/baseline_c5gx.v Line: 93
    Warning (13410): Pin "HDMI_TX_D[7]" is stuck at GND File: C:/Data/Fusion-Core/Fusion-Core-Base/work/baseline_c5gx.v Line: 93
    Warning (13410): Pin "HDMI_TX_D[8]" is stuck at GND File: C:/Data/Fusion-Core/Fusion-Core-Base/work/baseline_c5gx.v Line: 93
    Warning (13410): Pin "HDMI_TX_D[9]" is stuck at GND File: C:/Data/Fusion-Core/Fusion-Core-Base/work/baseline_c5gx.v Line: 93
    Warning (13410): Pin "HDMI_TX_D[10]" is stuck at GND File: C:/Data/Fusion-Core/Fusion-Core-Base/work/baseline_c5gx.v Line: 93
    Warning (13410): Pin "HDMI_TX_D[11]" is stuck at GND File: C:/Data/Fusion-Core/Fusion-Core-Base/work/baseline_c5gx.v Line: 93
    Warning (13410): Pin "HDMI_TX_D[12]" is stuck at GND File: C:/Data/Fusion-Core/Fusion-Core-Base/work/baseline_c5gx.v Line: 93
    Warning (13410): Pin "HDMI_TX_D[13]" is stuck at GND File: C:/Data/Fusion-Core/Fusion-Core-Base/work/baseline_c5gx.v Line: 93
    Warning (13410): Pin "HDMI_TX_D[14]" is stuck at GND File: C:/Data/Fusion-Core/Fusion-Core-Base/work/baseline_c5gx.v Line: 93
    Warning (13410): Pin "HDMI_TX_D[15]" is stuck at GND File: C:/Data/Fusion-Core/Fusion-Core-Base/work/baseline_c5gx.v Line: 93
    Warning (13410): Pin "HDMI_TX_D[16]" is stuck at GND File: C:/Data/Fusion-Core/Fusion-Core-Base/work/baseline_c5gx.v Line: 93
    Warning (13410): Pin "HDMI_TX_D[17]" is stuck at GND File: C:/Data/Fusion-Core/Fusion-Core-Base/work/baseline_c5gx.v Line: 93
    Warning (13410): Pin "HDMI_TX_D[18]" is stuck at GND File: C:/Data/Fusion-Core/Fusion-Core-Base/work/baseline_c5gx.v Line: 93
    Warning (13410): Pin "HDMI_TX_D[19]" is stuck at GND File: C:/Data/Fusion-Core/Fusion-Core-Base/work/baseline_c5gx.v Line: 93
    Warning (13410): Pin "HDMI_TX_D[20]" is stuck at GND File: C:/Data/Fusion-Core/Fusion-Core-Base/work/baseline_c5gx.v Line: 93
    Warning (13410): Pin "HDMI_TX_D[21]" is stuck at GND File: C:/Data/Fusion-Core/Fusion-Core-Base/work/baseline_c5gx.v Line: 93
    Warning (13410): Pin "HDMI_TX_D[22]" is stuck at GND File: C:/Data/Fusion-Core/Fusion-Core-Base/work/baseline_c5gx.v Line: 93
    Warning (13410): Pin "HDMI_TX_D[23]" is stuck at GND File: C:/Data/Fusion-Core/Fusion-Core-Base/work/baseline_c5gx.v Line: 93
    Warning (13410): Pin "HDMI_TX_DE" is stuck at GND File: C:/Data/Fusion-Core/Fusion-Core-Base/work/baseline_c5gx.v Line: 94
    Warning (13410): Pin "HDMI_TX_HS" is stuck at GND File: C:/Data/Fusion-Core/Fusion-Core-Base/work/baseline_c5gx.v Line: 95
    Warning (13410): Pin "HDMI_TX_VS" is stuck at GND File: C:/Data/Fusion-Core/Fusion-Core-Base/work/baseline_c5gx.v Line: 97
    Warning (13410): Pin "HEX0[0]" is stuck at GND File: C:/Data/Fusion-Core/Fusion-Core-Base/work/baseline_c5gx.v Line: 100
    Warning (13410): Pin "HEX0[1]" is stuck at GND File: C:/Data/Fusion-Core/Fusion-Core-Base/work/baseline_c5gx.v Line: 100
    Warning (13410): Pin "HEX0[2]" is stuck at GND File: C:/Data/Fusion-Core/Fusion-Core-Base/work/baseline_c5gx.v Line: 100
    Warning (13410): Pin "HEX0[3]" is stuck at GND File: C:/Data/Fusion-Core/Fusion-Core-Base/work/baseline_c5gx.v Line: 100
    Warning (13410): Pin "HEX0[4]" is stuck at GND File: C:/Data/Fusion-Core/Fusion-Core-Base/work/baseline_c5gx.v Line: 100
    Warning (13410): Pin "HEX0[5]" is stuck at GND File: C:/Data/Fusion-Core/Fusion-Core-Base/work/baseline_c5gx.v Line: 100
    Warning (13410): Pin "HEX0[6]" is stuck at GND File: C:/Data/Fusion-Core/Fusion-Core-Base/work/baseline_c5gx.v Line: 100
    Warning (13410): Pin "HEX1[0]" is stuck at GND File: C:/Data/Fusion-Core/Fusion-Core-Base/work/baseline_c5gx.v Line: 103
    Warning (13410): Pin "HEX1[1]" is stuck at GND File: C:/Data/Fusion-Core/Fusion-Core-Base/work/baseline_c5gx.v Line: 103
    Warning (13410): Pin "HEX1[2]" is stuck at GND File: C:/Data/Fusion-Core/Fusion-Core-Base/work/baseline_c5gx.v Line: 103
    Warning (13410): Pin "HEX1[3]" is stuck at GND File: C:/Data/Fusion-Core/Fusion-Core-Base/work/baseline_c5gx.v Line: 103
    Warning (13410): Pin "HEX1[4]" is stuck at GND File: C:/Data/Fusion-Core/Fusion-Core-Base/work/baseline_c5gx.v Line: 103
    Warning (13410): Pin "HEX1[5]" is stuck at GND File: C:/Data/Fusion-Core/Fusion-Core-Base/work/baseline_c5gx.v Line: 103
    Warning (13410): Pin "HEX1[6]" is stuck at GND File: C:/Data/Fusion-Core/Fusion-Core-Base/work/baseline_c5gx.v Line: 103
    Warning (13410): Pin "HSMC_CLKOUT0" is stuck at GND File: C:/Data/Fusion-Core/Fusion-Core-Base/work/baseline_c5gx.v Line: 110
    Warning (13410): Pin "HSMC_CLKOUT_n[1]" is stuck at GND File: C:/Data/Fusion-Core/Fusion-Core-Base/work/baseline_c5gx.v Line: 111
    Warning (13410): Pin "HSMC_CLKOUT_n[2]" is stuck at GND File: C:/Data/Fusion-Core/Fusion-Core-Base/work/baseline_c5gx.v Line: 111
    Warning (13410): Pin "HSMC_CLKOUT_p[1]" is stuck at GND File: C:/Data/Fusion-Core/Fusion-Core-Base/work/baseline_c5gx.v Line: 112
    Warning (13410): Pin "HSMC_CLKOUT_p[2]" is stuck at GND File: C:/Data/Fusion-Core/Fusion-Core-Base/work/baseline_c5gx.v Line: 112
    Warning (13410): Pin "I2C_SCL" is stuck at GND File: C:/Data/Fusion-Core/Fusion-Core-Base/work/baseline_c5gx.v Line: 125
    Warning (13410): Pin "LEDG[6]" is stuck at GND File: C:/Data/Fusion-Core/Fusion-Core-Base/work/baseline_c5gx.v Line: 132
    Warning (13410): Pin "LEDG[7]" is stuck at GND File: C:/Data/Fusion-Core/Fusion-Core-Base/work/baseline_c5gx.v Line: 132
    Warning (13410): Pin "LEDR[0]" is stuck at GND File: C:/Data/Fusion-Core/Fusion-Core-Base/work/baseline_c5gx.v Line: 135
    Warning (13410): Pin "LEDR[1]" is stuck at GND File: C:/Data/Fusion-Core/Fusion-Core-Base/work/baseline_c5gx.v Line: 135
    Warning (13410): Pin "LEDR[2]" is stuck at GND File: C:/Data/Fusion-Core/Fusion-Core-Base/work/baseline_c5gx.v Line: 135
    Warning (13410): Pin "LEDR[3]" is stuck at GND File: C:/Data/Fusion-Core/Fusion-Core-Base/work/baseline_c5gx.v Line: 135
    Warning (13410): Pin "LEDR[4]" is stuck at GND File: C:/Data/Fusion-Core/Fusion-Core-Base/work/baseline_c5gx.v Line: 135
    Warning (13410): Pin "LEDR[5]" is stuck at GND File: C:/Data/Fusion-Core/Fusion-Core-Base/work/baseline_c5gx.v Line: 135
    Warning (13410): Pin "LEDR[6]" is stuck at GND File: C:/Data/Fusion-Core/Fusion-Core-Base/work/baseline_c5gx.v Line: 135
    Warning (13410): Pin "LEDR[7]" is stuck at GND File: C:/Data/Fusion-Core/Fusion-Core-Base/work/baseline_c5gx.v Line: 135
    Warning (13410): Pin "LEDR[8]" is stuck at GND File: C:/Data/Fusion-Core/Fusion-Core-Base/work/baseline_c5gx.v Line: 135
    Warning (13410): Pin "LEDR[9]" is stuck at GND File: C:/Data/Fusion-Core/Fusion-Core-Base/work/baseline_c5gx.v Line: 135
    Warning (13410): Pin "SD_CLK" is stuck at GND File: C:/Data/Fusion-Core/Fusion-Core-Base/work/baseline_c5gx.v Line: 144
    Warning (13410): Pin "SRAM_A[0]" is stuck at GND File: C:/Data/Fusion-Core/Fusion-Core-Base/work/baseline_c5gx.v Line: 155
    Warning (13410): Pin "SRAM_A[1]" is stuck at GND File: C:/Data/Fusion-Core/Fusion-Core-Base/work/baseline_c5gx.v Line: 155
    Warning (13410): Pin "SRAM_A[2]" is stuck at GND File: C:/Data/Fusion-Core/Fusion-Core-Base/work/baseline_c5gx.v Line: 155
    Warning (13410): Pin "SRAM_A[3]" is stuck at GND File: C:/Data/Fusion-Core/Fusion-Core-Base/work/baseline_c5gx.v Line: 155
    Warning (13410): Pin "SRAM_A[4]" is stuck at GND File: C:/Data/Fusion-Core/Fusion-Core-Base/work/baseline_c5gx.v Line: 155
    Warning (13410): Pin "SRAM_A[5]" is stuck at GND File: C:/Data/Fusion-Core/Fusion-Core-Base/work/baseline_c5gx.v Line: 155
    Warning (13410): Pin "SRAM_A[6]" is stuck at GND File: C:/Data/Fusion-Core/Fusion-Core-Base/work/baseline_c5gx.v Line: 155
    Warning (13410): Pin "SRAM_A[7]" is stuck at GND File: C:/Data/Fusion-Core/Fusion-Core-Base/work/baseline_c5gx.v Line: 155
    Warning (13410): Pin "SRAM_A[8]" is stuck at GND File: C:/Data/Fusion-Core/Fusion-Core-Base/work/baseline_c5gx.v Line: 155
    Warning (13410): Pin "SRAM_A[9]" is stuck at GND File: C:/Data/Fusion-Core/Fusion-Core-Base/work/baseline_c5gx.v Line: 155
    Warning (13410): Pin "SRAM_A[10]" is stuck at GND File: C:/Data/Fusion-Core/Fusion-Core-Base/work/baseline_c5gx.v Line: 155
    Warning (13410): Pin "SRAM_A[11]" is stuck at GND File: C:/Data/Fusion-Core/Fusion-Core-Base/work/baseline_c5gx.v Line: 155
    Warning (13410): Pin "SRAM_A[12]" is stuck at GND File: C:/Data/Fusion-Core/Fusion-Core-Base/work/baseline_c5gx.v Line: 155
    Warning (13410): Pin "SRAM_A[13]" is stuck at GND File: C:/Data/Fusion-Core/Fusion-Core-Base/work/baseline_c5gx.v Line: 155
    Warning (13410): Pin "SRAM_A[14]" is stuck at GND File: C:/Data/Fusion-Core/Fusion-Core-Base/work/baseline_c5gx.v Line: 155
    Warning (13410): Pin "SRAM_A[15]" is stuck at GND File: C:/Data/Fusion-Core/Fusion-Core-Base/work/baseline_c5gx.v Line: 155
    Warning (13410): Pin "SRAM_A[16]" is stuck at GND File: C:/Data/Fusion-Core/Fusion-Core-Base/work/baseline_c5gx.v Line: 155
    Warning (13410): Pin "SRAM_A[17]" is stuck at GND File: C:/Data/Fusion-Core/Fusion-Core-Base/work/baseline_c5gx.v Line: 155
    Warning (13410): Pin "SRAM_CE_n" is stuck at GND File: C:/Data/Fusion-Core/Fusion-Core-Base/work/baseline_c5gx.v Line: 156
    Warning (13410): Pin "SRAM_LB_n" is stuck at GND File: C:/Data/Fusion-Core/Fusion-Core-Base/work/baseline_c5gx.v Line: 158
    Warning (13410): Pin "SRAM_OE_n" is stuck at GND File: C:/Data/Fusion-Core/Fusion-Core-Base/work/baseline_c5gx.v Line: 159
    Warning (13410): Pin "SRAM_UB_n" is stuck at GND File: C:/Data/Fusion-Core/Fusion-Core-Base/work/baseline_c5gx.v Line: 160
    Warning (13410): Pin "SRAM_WE_n" is stuck at GND File: C:/Data/Fusion-Core/Fusion-Core-Base/work/baseline_c5gx.v Line: 161
    Warning (13410): Pin "UART_TX" is stuck at GND File: C:/Data/Fusion-Core/Fusion-Core-Base/work/baseline_c5gx.v Line: 171
Info (286030): Timing-Driven Synthesis is running
Info (144001): Generated suppressed messages file C:/Data/Fusion-Core/Fusion-Core-Base/work/output_files/Fusion-Core-Base.map.smsg
Info (16010): Generating hard_block partition "hard_block:auto_generated_inst"
    Info (16011): Adding 0 node(s), including 0 DDIO, 0 PLL, 0 transceiver and 0 LCELL
Warning (21074): Design contains 19 input pin(s) that do not drive logic
    Warning (15610): No output dependent on input pin "ADC_SDO" File: C:/Data/Fusion-Core/Fusion-Core-Base/work/baseline_c5gx.v Line: 44
    Warning (15610): No output dependent on input pin "AUD_ADCDAT" File: C:/Data/Fusion-Core/Fusion-Core-Base/work/baseline_c5gx.v Line: 47
    Warning (15610): No output dependent on input pin "CLOCK_125_p" File: C:/Data/Fusion-Core/Fusion-Core-Base/work/baseline_c5gx.v Line: 55
    Warning (15610): No output dependent on input pin "CLOCK_50_B5B" File: C:/Data/Fusion-Core/Fusion-Core-Base/work/baseline_c5gx.v Line: 56
    Warning (15610): No output dependent on input pin "CLOCK_50_B6A" File: C:/Data/Fusion-Core/Fusion-Core-Base/work/baseline_c5gx.v Line: 57
    Warning (15610): No output dependent on input pin "CLOCK_50_B7A" File: C:/Data/Fusion-Core/Fusion-Core-Base/work/baseline_c5gx.v Line: 58
    Warning (15610): No output dependent on input pin "CLOCK_50_B8A" File: C:/Data/Fusion-Core/Fusion-Core-Base/work/baseline_c5gx.v Line: 59
    Warning (15610): No output dependent on input pin "CPU_RESET_n" File: C:/Data/Fusion-Core/Fusion-Core-Base/work/baseline_c5gx.v Line: 62
    Warning (15610): No output dependent on input pin "HDMI_TX_INT" File: C:/Data/Fusion-Core/Fusion-Core-Base/work/baseline_c5gx.v Line: 96
    Warning (15610): No output dependent on input pin "HSMC_CLKIN0" File: C:/Data/Fusion-Core/Fusion-Core-Base/work/baseline_c5gx.v Line: 107
    Warning (15610): No output dependent on input pin "HSMC_CLKIN_n[1]" File: C:/Data/Fusion-Core/Fusion-Core-Base/work/baseline_c5gx.v Line: 108
    Warning (15610): No output dependent on input pin "HSMC_CLKIN_n[2]" File: C:/Data/Fusion-Core/Fusion-Core-Base/work/baseline_c5gx.v Line: 108
    Warning (15610): No output dependent on input pin "HSMC_CLKIN_p[1]" File: C:/Data/Fusion-Core/Fusion-Core-Base/work/baseline_c5gx.v Line: 109
    Warning (15610): No output dependent on input pin "HSMC_CLKIN_p[2]" File: C:/Data/Fusion-Core/Fusion-Core-Base/work/baseline_c5gx.v Line: 109
    Warning (15610): No output dependent on input pin "KEY[0]" File: C:/Data/Fusion-Core/Fusion-Core-Base/work/baseline_c5gx.v Line: 129
    Warning (15610): No output dependent on input pin "KEY[1]" File: C:/Data/Fusion-Core/Fusion-Core-Base/work/baseline_c5gx.v Line: 129
    Warning (15610): No output dependent on input pin "KEY[2]" File: C:/Data/Fusion-Core/Fusion-Core-Base/work/baseline_c5gx.v Line: 129
    Warning (15610): No output dependent on input pin "KEY[3]" File: C:/Data/Fusion-Core/Fusion-Core-Base/work/baseline_c5gx.v Line: 129
    Warning (15610): No output dependent on input pin "UART_RX" File: C:/Data/Fusion-Core/Fusion-Core-Base/work/baseline_c5gx.v Line: 167
Info (21057): Implemented 243 device resources after synthesis - the final resource count might be different
    Info (21058): Implemented 29 input pins
    Info (21059): Implemented 110 output pins
    Info (21060): Implemented 97 bidirectional pins
    Info (21061): Implemented 7 logic cells
Info: Quartus Prime Analysis & Synthesis was successful. 0 errors, 292 warnings
    Info: Peak virtual memory: 870 megabytes
    Info: Processing ended: Wed Mar 22 21:49:50 2017
    Info: Elapsed time: 00:00:12
    Info: Total CPU time (on all processors): 00:00:22


+------------------------------------------+
; Analysis & Synthesis Suppressed Messages ;
+------------------------------------------+
The suppressed messages can be found in C:/Data/Fusion-Core/Fusion-Core-Base/work/output_files/Fusion-Core-Base.map.smsg.


